<?xml version="1.0" encoding="UTF-8"?>
<testsuites name="Regression Caregiver" time="1041" tests="7" failures="1" errors="0">
   <testsuite name="Regression Caregiver" tests="7" failures="1" errors="0" time="1041" timestamp="2019-06-24 13:45:03" hostname="isaac - DESKTOP-RO0FF5F" id="Test Suites/Regression BackOffice/Regression Caregiver">
      <properties>
         <property name="deviceName" value=""/>
         <property name="devicePlatform" value=""/>
         <property name="logFolder" value="C:\\Users\\isaac\\Katalon Studio\\Continulink\\Reports\\Regression BackOffice\\Regression Caregiver\\20190624_134447"/>
         <property name="logFiles" value="C:\\Users\\isaac\\Katalon Studio\\Continulink\\Reports\\Regression BackOffice\\Regression Caregiver\\20190624_134447\\execution0.log"/>
         <property name="attachments" value="C:\\Users\\isaac\\Katalon Studio\\Continulink\\Reports\\Regression BackOffice\\Regression Caregiver\\20190624_134447\\1561395140373.png"/>
         <property name="hostName" value="isaac - DESKTOP-RO0FF5F"/>
         <property name="os" value="Windows 10 64bit"/>
         <property name="katalonVersion" value="6.0.5.4"/>
         <property name="browser" value="Chrome 75.0.3770.100"/>
         <property name="hostAddress" value="192.168.0.117"/>
         <property name="sessionId" value="00b5516220f81ec751e2964136f32274"/>
         <property name="seleniumVersion" value="3.7.1"/>
         <property name="proxyInformation" value="ProxyInformation{proxyOption=NO_PROXY, proxyServerType=HTTP, password=, proxyServerAddress=, proxyServerPort=0}"/>
         <property name="platform" value="Windows 10"/>
      </properties>
      <testcase name="Test Cases/Regression BackOffice (All Browsers)/CLNK-28718 - BO - Full Caregiver creation" classname="Test Cases/Regression BackOffice (All Browsers)/CLNK-28718 - BO - Full Caregiver creation" status="FAILED">
         <failure type="FAILED" message="Test Cases/Regression BackOffice (All Browsers)/CLNK-28718 - BO - Full Caregiver creation FAILED.
Reason:
com.kms.katalon.core.exception.StepFailedException: Unable to click on object 'Object Repository/Regression BackOffice/CLINK - 28718/Administrator/a_Fernandez Barb'
	at com.kms.katalon.core.keyword.internal.KeywordMain.stepFailed(KeywordMain.groovy:37)
	at com.kms.katalon.core.webui.keyword.internal.WebUIKeywordMain.stepFailed(WebUIKeywordMain.groovy:65)
	at com.kms.katalon.core.webui.keyword.internal.WebUIKeywordMain.runKeyword(WebUIKeywordMain.groovy:27)
	at com.kms.katalon.core.webui.keyword.builtin.ClickKeyword.click(ClickKeyword.groovy:86)
	at com.kms.katalon.core.webui.keyword.builtin.ClickKeyword.execute(ClickKeyword.groovy:67)
	at com.kms.katalon.core.keyword.internal.KeywordExecutor.executeKeywordForPlatform(KeywordExecutor.groovy:56)
	at com.kms.katalon.core.webui.keyword.WebUiBuiltInKeywords.click(WebUiBuiltInKeywords.groovy:604)
	at com.kms.katalon.core.webui.keyword.WebUiBuiltInKeywords$click$9.call(Unknown Source)
	at CLNK-28718 - BO - Full Caregiver creation.run(CLNK-28718 - BO - Full Caregiver creation:586)
	at com.kms.katalon.core.main.ScriptEngine.run(ScriptEngine.java:194)
	at com.kms.katalon.core.main.ScriptEngine.runScriptAsRawText(ScriptEngine.java:119)
	at com.kms.katalon.core.main.TestCaseExecutor.runScript(TestCaseExecutor.java:331)
	at com.kms.katalon.core.main.TestCaseExecutor.doExecute(TestCaseExecutor.java:322)
	at com.kms.katalon.core.main.TestCaseExecutor.processExecutionPhase(TestCaseExecutor.java:301)
	at com.kms.katalon.core.main.TestCaseExecutor.accessMainPhase(TestCaseExecutor.java:293)
	at com.kms.katalon.core.main.TestCaseExecutor.execute(TestCaseExecutor.java:227)
	at com.kms.katalon.core.main.TestSuiteExecutor.accessTestCaseMainPhase(TestSuiteExecutor.java:129)
	at com.kms.katalon.core.main.TestSuiteExecutor.accessTestSuiteMainPhase(TestSuiteExecutor.java:112)
	at com.kms.katalon.core.main.TestSuiteExecutor.execute(TestSuiteExecutor.java:81)
	at com.kms.katalon.core.main.TestCaseMain.startTestSuite(TestCaseMain.java:157)
	at com.kms.katalon.core.main.TestCaseMain$startTestSuite$0.call(Unknown Source)
	at TempTestSuite1561394688011.run(TempTestSuite1561394688011.groovy:35)
"/>
         <system-out><![CDATA[2019-06-24 13:45:06 - [TEST_CASE][FAILED] - Test Cases/Regression BackOffice (All Browsers)/CLNK-28718 - BO - Full Caregiver creation: Test Cases/Regression BackOffice (All Browsers)/CLNK-28718 - BO - Full Caregiver creation FAILED.
Reason:
com.kms.katalon.core.exception.StepFailedException: Unable to click on object 'Object Repository/Regression BackOffice/CLINK - 28718/Administrator/a_Fernandez Barb'
	at com.kms.katalon.core.keyword.internal.KeywordMain.stepFailed(KeywordMain.groovy:37)
	at com.kms.katalon.core.webui.keyword.internal.WebUIKeywordMain.stepFailed(WebUIKeywordMain.groovy:65)
	at com.kms.katalon.core.webui.keyword.internal.WebUIKeywordMain.runKeyword(WebUIKeywordMain.groovy:27)
	at com.kms.katalon.core.webui.keyword.builtin.ClickKeyword.click(ClickKeyword.groovy:86)
	at com.kms.katalon.core.webui.keyword.builtin.ClickKeyword.execute(ClickKeyword.groovy:67)
	at com.kms.katalon.core.keyword.internal.KeywordExecutor.executeKeywordForPlatform(KeywordExecutor.groovy:56)
	at com.kms.katalon.core.webui.keyword.WebUiBuiltInKeywords.click(WebUiBuiltInKeywords.groovy:604)
	at com.kms.katalon.core.webui.keyword.WebUiBuiltInKeywords$click$9.call(Unknown Source)
	at CLNK-28718 - BO - Full Caregiver creation.run(CLNK-28718 - BO - Full Caregiver creation:586)
	at com.kms.katalon.core.main.ScriptEngine.run(ScriptEngine.java:194)
	at com.kms.katalon.core.main.ScriptEngine.runScriptAsRawText(ScriptEngine.java:119)
	at com.kms.katalon.core.main.TestCaseExecutor.runScript(TestCaseExecutor.java:331)
	at com.kms.katalon.core.main.TestCaseExecutor.doExecute(TestCaseExecutor.java:322)
	at com.kms.katalon.core.main.TestCaseExecutor.processExecutionPhase(TestCaseExecutor.java:301)
	at com.kms.katalon.core.main.TestCaseExecutor.accessMainPhase(TestCaseExecutor.java:293)
	at com.kms.katalon.core.main.TestCaseExecutor.execute(TestCaseExecutor.java:227)
	at com.kms.katalon.core.main.TestSuiteExecutor.accessTestCaseMainPhase(TestSuiteExecutor.java:129)
	at com.kms.katalon.core.main.TestSuiteExecutor.accessTestSuiteMainPhase(TestSuiteExecutor.java:112)
	at com.kms.katalon.core.main.TestSuiteExecutor.execute(TestSuiteExecutor.java:81)
	at com.kms.katalon.core.main.TestCaseMain.startTestSuite(TestCaseMain.java:157)
	at com.kms.katalon.core.main.TestCaseMain$startTestSuite$0.call(Unknown Source)
	at TempTestSuite1561394688011.run(TempTestSuite1561394688011.groovy:35)


2019-06-24 13:45:14 - [TEST_STEP][PASSED] - callTestCase(findTestCase("Regression BackOffice (All Browsers)/CLNK-23439 - Clink - Back office Client"), [:], STOP_ON_FAILURE): Call Test Case 'Test Cases/Regression BackOffice (All Browsers)/CLNK-23439 - Clink - Back office Client' successfully

2019-06-24 13:45:15 - [TEST_CASE][PASSED] - Test Cases/Regression BackOffice (All Browsers)/CLNK-23439 - Clink - Back office Client: Test Cases/Regression BackOffice (All Browsers)/CLNK-23439 - Clink - Back office Client

2019-06-24 13:45:16 - [TEST_STEP][PASSED] - openBrowser(G_SiteBackOffice): Browser is opened with url: 'http://qanewpoc.continulink.com:81/backoffice/Login.aspx'

2019-06-24 13:45:23 - [MESSAGE][INFO] - Starting 'Chrome' driver

2019-06-24 13:45:23 - [MESSAGE][INFO] - Action delay is set to 0 seconds

2019-06-24 13:45:42 - [MESSAGE][PASSED] - Browser is opened with url: 'http://qanewpoc.continulink.com:81/backoffice/Login.aspx'

2019-06-24 13:45:42 - [TEST_STEP][PASSED] - waitForPageLoad(60): Wait for page load successfully

2019-06-24 13:45:43 - [MESSAGE][PASSED] - Wait for page load successfully

2019-06-24 13:45:43 - [TEST_STEP][PASSED] - maximizeWindow(): Current window maximized

2019-06-24 13:45:45 - [MESSAGE][PASSED] - Current window maximized

2019-06-24 13:45:45 - [TEST_STEP][PASSED] - setText(findTestObject("Regression BackOffice/Login/UserBackOffice"), G_UserBackOffice): Text 'demo' is set on object 'Object Repository/Regression BackOffice/Login/UserBackOffice'

2019-06-24 13:45:48 - [MESSAGE][PASSED] - Text 'demo' is set on object 'Object Repository/Regression BackOffice/Login/UserBackOffice'

2019-06-24 13:45:48 - [TEST_STEP][PASSED] - setText(findTestObject("Regression BackOffice/Login/PasswordBackOffice"), G_PasswordBackOffice): Text 'qwerty' is set on object 'Object Repository/Regression BackOffice/Login/PasswordBackOffice'

2019-06-24 13:45:49 - [MESSAGE][PASSED] - Text 'qwerty' is set on object 'Object Repository/Regression BackOffice/Login/PasswordBackOffice'

2019-06-24 13:45:49 - [TEST_STEP][PASSED] - click(findTestObject("Regression BackOffice/Login/LoginBackOffice")): Object: 'Object Repository/Regression BackOffice/Login/LoginBackOffice' is clicked on

2019-06-24 13:45:58 - [MESSAGE][PASSED] - Object: 'Object Repository/Regression BackOffice/Login/LoginBackOffice' is clicked on

2019-06-24 13:45:58 - [TEST_STEP][PASSED] - waitForPageLoad(60): Wait for page load successfully

2019-06-24 13:45:59 - [MESSAGE][PASSED] - Wait for page load successfully

2019-06-24 13:45:59 - [TEST_STEP][PASSED] - delay(3): Delayed 3 second(s)

2019-06-24 13:46:02 - [MESSAGE][PASSED] - Delayed 3 second(s)

2019-06-24 13:46:02 - [TEST_STEP][PASSED] - switchToFrame(findTestObject("Regression BackOffice/CLNK-23449/FrameLeft"), 5): null

2019-06-24 13:46:02 - [TEST_STEP][PASSED] - waitForElementPresent(findTestObject("Regression BackOffice/CLNK-23449/ClienIntakeICon"), 60): Object 'Object Repository/Regression BackOffice/CLNK-23449/ClienIntakeICon' is present

2019-06-24 13:46:03 - [MESSAGE][PASSED] - Object 'Object Repository/Regression BackOffice/CLNK-23449/ClienIntakeICon' is present

2019-06-24 13:46:03 - [TEST_STEP][PASSED] - verifyElementPresent(findTestObject("Regression BackOffice/CLNK-23449/ClienIntakeICon"), 100): Object 'Object Repository/Regression BackOffice/CLNK-23449/ClienIntakeICon' is present

2019-06-24 13:46:03 - [MESSAGE][PASSED] - Object 'Object Repository/Regression BackOffice/CLNK-23449/ClienIntakeICon' is present

2019-06-24 13:46:03 - [TEST_STEP][PASSED] - switchToDefaultContent(): null

2019-06-24 13:46:03 - [MESSAGE][PASSED] - Call Test Case 'Test Cases/Regression BackOffice (All Browsers)/CLNK-23439 - Clink - Back office Client' successfully

2019-06-24 13:46:03 - [TEST_STEP][PASSED] - waitForPageLoad(60): Wait for page load successfully

2019-06-24 13:46:04 - [MESSAGE][PASSED] - Wait for page load successfully

2019-06-24 13:46:04 - [TEST_STEP][PASSED] - delay(3): Delayed 3 second(s)

2019-06-24 13:46:07 - [MESSAGE][PASSED] - Delayed 3 second(s)

2019-06-24 13:46:07 - [TEST_STEP][PASSED] - switchToFrame(findTestObject("Regression BackOffice/CLNK-23449/FrameLeft"), 30): null

2019-06-24 13:46:07 - [TEST_STEP][PASSED] - waitForElementPresent(findTestObject("Regression BackOffice/CLNK-23441/Caregiver  HRLink"), 100): Object 'Object Repository/Regression BackOffice/CLNK-23441/Caregiver  HRLink' is present

2019-06-24 13:46:07 - [MESSAGE][PASSED] - Object 'Object Repository/Regression BackOffice/CLNK-23441/Caregiver  HRLink' is present

2019-06-24 13:46:07 - [TEST_STEP][PASSED] - click(findTestObject("Regression BackOffice/CLNK-23441/Caregiver  HRLink")): Object: 'Object Repository/Regression BackOffice/CLNK-23441/Caregiver  HRLink' is clicked on

2019-06-24 13:46:08 - [MESSAGE][PASSED] - Object: 'Object Repository/Regression BackOffice/CLNK-23441/Caregiver  HRLink' is clicked on

2019-06-24 13:46:08 - [TEST_STEP][PASSED] - delay(2): Delayed 2 second(s)

2019-06-24 13:46:10 - [MESSAGE][PASSED] - Delayed 2 second(s)

2019-06-24 13:46:10 - [TEST_STEP][PASSED] - waitForPageLoad(50): Wait for page load successfully

2019-06-24 13:46:10 - [MESSAGE][PASSED] - Wait for page load successfully

2019-06-24 13:46:10 - [TEST_STEP][PASSED] - waitForElementPresent(findTestObject("Regression BackOffice/CLINK - 28718/Caregiver Search"), 100): Object 'Object Repository/Regression BackOffice/CLINK - 28718/Caregiver Search' is present

2019-06-24 13:46:10 - [MESSAGE][PASSED] - Object 'Object Repository/Regression BackOffice/CLINK - 28718/Caregiver Search' is present

2019-06-24 13:46:10 - [TEST_STEP][PASSED] - click(findTestObject("Regression BackOffice/CLINK - 28718/Caregiver Search")): Object: 'Object Repository/Regression BackOffice/CLINK - 28718/Caregiver Search' is clicked on

2019-06-24 13:46:13 - [MESSAGE][PASSED] - Object: 'Object Repository/Regression BackOffice/CLINK - 28718/Caregiver Search' is clicked on

2019-06-24 13:46:13 - [TEST_STEP][PASSED] - delay(2): Delayed 2 second(s)

2019-06-24 13:46:15 - [MESSAGE][PASSED] - Delayed 2 second(s)

2019-06-24 13:46:15 - [TEST_STEP][PASSED] - waitForPageLoad(60): Wait for page load successfully

2019-06-24 13:46:15 - [MESSAGE][PASSED] - Wait for page load successfully

2019-06-24 13:46:15 - [TEST_STEP][PASSED] - switchToDefaultContent(): null

2019-06-24 13:46:15 - [TEST_STEP][PASSED] - switchToFrame(findTestObject("Regression BackOffice/CLNK-23449/FrameMain"), 30): null

2019-06-24 13:46:15 - [TEST_STEP][PASSED] - waitForElementPresent(findTestObject("Regression BackOffice/CLINK - 28718/CaregiverFirst Name"), 50): Object 'Object Repository/Regression BackOffice/CLINK - 28718/CaregiverFirst Name' is present

2019-06-24 13:46:16 - [MESSAGE][PASSED] - Object 'Object Repository/Regression BackOffice/CLINK - 28718/CaregiverFirst Name' is present

2019-06-24 13:46:16 - [TEST_STEP][PASSED] - setText(findTestObject("Regression BackOffice/CLINK - 28718/CaregiverFirst Name"), "xxxxx"): Text 'xxxxx' is set on object 'Object Repository/Regression BackOffice/CLINK - 28718/CaregiverFirst Name'

2019-06-24 13:46:17 - [MESSAGE][PASSED] - Text 'xxxxx' is set on object 'Object Repository/Regression BackOffice/CLINK - 28718/CaregiverFirst Name'

2019-06-24 13:46:17 - [TEST_STEP][PASSED] - delay(2): Delayed 2 second(s)

2019-06-24 13:46:19 - [MESSAGE][PASSED] - Delayed 2 second(s)

2019-06-24 13:46:19 - [TEST_STEP][PASSED] - waitForElementPresent(findTestObject("Regression BackOffice/CLINK - 28718/CaregiverLast Name"), 50): Object 'Object Repository/Regression BackOffice/CLINK - 28718/CaregiverLast Name' is present

2019-06-24 13:46:19 - [MESSAGE][PASSED] - Object 'Object Repository/Regression BackOffice/CLINK - 28718/CaregiverLast Name' is present

2019-06-24 13:46:19 - [TEST_STEP][PASSED] - setText(findTestObject("Regression BackOffice/CLINK - 28718/CaregiverLast Name"), "xxxxx"): Text 'xxxxx' is set on object 'Object Repository/Regression BackOffice/CLINK - 28718/CaregiverLast Name'

2019-06-24 13:46:20 - [MESSAGE][PASSED] - Text 'xxxxx' is set on object 'Object Repository/Regression BackOffice/CLINK - 28718/CaregiverLast Name'

2019-06-24 13:46:20 - [TEST_STEP][PASSED] - delay(2): Delayed 2 second(s)

2019-06-24 13:46:22 - [MESSAGE][PASSED] - Delayed 2 second(s)

2019-06-24 13:46:22 - [TEST_STEP][PASSED] - waitForElementPresent(findTestObject("Regression BackOffice/CLINK - 28718/SSN"), 50): Object 'Object Repository/Regression BackOffice/CLINK - 28718/SSN' is present

2019-06-24 13:46:22 - [MESSAGE][PASSED] - Object 'Object Repository/Regression BackOffice/CLINK - 28718/SSN' is present

2019-06-24 13:46:22 - [TEST_STEP][PASSED] - setText(findTestObject("Regression BackOffice/CLINK - 28718/SSN"), "999999995"): Text '999999995' is set on object 'Object Repository/Regression BackOffice/CLINK - 28718/SSN'

2019-06-24 13:46:23 - [MESSAGE][PASSED] - Text '999999995' is set on object 'Object Repository/Regression BackOffice/CLINK - 28718/SSN'

2019-06-24 13:46:23 - [TEST_STEP][PASSED] - delay(2): Delayed 2 second(s)

2019-06-24 13:46:25 - [MESSAGE][PASSED] - Delayed 2 second(s)

2019-06-24 13:46:25 - [TEST_STEP][PASSED] - waitForElementPresent(findTestObject("Regression BackOffice/CLINK - 28718/CaregiverBttnSearch"), 100): Object 'Object Repository/Regression BackOffice/CLINK - 28718/CaregiverBttnSearch' is present

2019-06-24 13:46:25 - [MESSAGE][PASSED] - Object 'Object Repository/Regression BackOffice/CLINK - 28718/CaregiverBttnSearch' is present

2019-06-24 13:46:25 - [TEST_STEP][PASSED] - click(findTestObject("Regression BackOffice/CLINK - 28718/CaregiverBttnSearch")): Object: 'Object Repository/Regression BackOffice/CLINK - 28718/CaregiverBttnSearch' is clicked on

2019-06-24 13:46:27 - [MESSAGE][PASSED] - Object: 'Object Repository/Regression BackOffice/CLINK - 28718/CaregiverBttnSearch' is clicked on

2019-06-24 13:46:27 - [TEST_STEP][PASSED] - delay(2): Delayed 2 second(s)

2019-06-24 13:46:29 - [MESSAGE][PASSED] - Delayed 2 second(s)

2019-06-24 13:46:29 - [TEST_STEP][PASSED] - waitForElementPresent(findTestObject("Regression BackOffice/CLINK - 28718/Add a new Caregiver Link"), 100): Object 'Object Repository/Regression BackOffice/CLINK - 28718/Add a new Caregiver Link' is present

2019-06-24 13:46:29 - [MESSAGE][PASSED] - Object 'Object Repository/Regression BackOffice/CLINK - 28718/Add a new Caregiver Link' is present

2019-06-24 13:46:29 - [TEST_STEP][PASSED] - click(findTestObject("Regression BackOffice/CLINK - 28718/Add a new Caregiver Link")): Object: 'Object Repository/Regression BackOffice/CLINK - 28718/Add a new Caregiver Link' is clicked on

2019-06-24 13:46:30 - [MESSAGE][PASSED] - Object: 'Object Repository/Regression BackOffice/CLINK - 28718/Add a new Caregiver Link' is clicked on

2019-06-24 13:46:30 - [TEST_STEP][PASSED] - delay(2): Delayed 2 second(s)

2019-06-24 13:46:32 - [MESSAGE][PASSED] - Delayed 2 second(s)

2019-06-24 13:46:32 - [TEST_STEP][PASSED] - waitForPageLoad(50): Wait for page load successfully

2019-06-24 13:46:33 - [MESSAGE][PASSED] - Wait for page load successfully

2019-06-24 13:46:33 - [TEST_STEP][PASSED] - waitForElementPresent(findTestObject("Regression BackOffice/CLINK - 28718/General Information/CaregiverType"), 100): Object 'Object Repository/Regression BackOffice/CLINK - 28718/General Information/CaregiverType' is present

2019-06-24 13:46:33 - [MESSAGE][PASSED] - Object 'Object Repository/Regression BackOffice/CLINK - 28718/General Information/CaregiverType' is present

2019-06-24 13:46:33 - [TEST_STEP][PASSED] - click(findTestObject("Regression BackOffice/CLINK - 28718/General Information/CaregiverType")): Object: 'Object Repository/Regression BackOffice/CLINK - 28718/General Information/CaregiverType' is clicked on

2019-06-24 13:46:34 - [MESSAGE][PASSED] - Object: 'Object Repository/Regression BackOffice/CLINK - 28718/General Information/CaregiverType' is clicked on

2019-06-24 13:46:34 - [TEST_STEP][PASSED] - delay(2): Delayed 2 second(s)

2019-06-24 13:46:36 - [MESSAGE][PASSED] - Delayed 2 second(s)

2019-06-24 13:46:36 - [TEST_STEP][PASSED] - sendKeys(findTestObject("Regression BackOffice/CLINK - 28718/General Information/CaregiverType"), Keys.chord(ARROW_DOWN, ENTER)): Keys 'DOWN + ENTER + ' sent to object: 'Object Repository/Regression BackOffice/CLINK - 28718/General Information/CaregiverType'

2019-06-24 13:46:37 - [MESSAGE][PASSED] - Keys 'DOWN + ENTER + ' sent to object: 'Object Repository/Regression BackOffice/CLINK - 28718/General Information/CaregiverType'

2019-06-24 13:46:37 - [TEST_STEP][PASSED] - delay(2): Delayed 2 second(s)

2019-06-24 13:46:39 - [MESSAGE][PASSED] - Delayed 2 second(s)

2019-06-24 13:46:39 - [TEST_STEP][PASSED] - waitForElementPresent(findTestObject("Regression BackOffice/CLINK - 28718/General Information/LineOfBusiness"), 100): Object 'Object Repository/Regression BackOffice/CLINK - 28718/General Information/LineOfBusiness' is present

2019-06-24 13:46:39 - [MESSAGE][PASSED] - Object 'Object Repository/Regression BackOffice/CLINK - 28718/General Information/LineOfBusiness' is present

2019-06-24 13:46:39 - [TEST_STEP][PASSED] - click(findTestObject("Regression BackOffice/CLINK - 28718/General Information/LineOfBusiness")): Object: 'Object Repository/Regression BackOffice/CLINK - 28718/General Information/LineOfBusiness' is clicked on

2019-06-24 13:46:40 - [MESSAGE][PASSED] - Object: 'Object Repository/Regression BackOffice/CLINK - 28718/General Information/LineOfBusiness' is clicked on

2019-06-24 13:46:40 - [TEST_STEP][PASSED] - delay(2): Delayed 2 second(s)

2019-06-24 13:46:42 - [MESSAGE][PASSED] - Delayed 2 second(s)

2019-06-24 13:46:42 - [TEST_STEP][PASSED] - sendKeys(findTestObject("Regression BackOffice/CLINK - 28718/General Information/LineOfBusiness"), Keys.chord(ARROW_DOWN, ENTER)): Keys 'DOWN + ENTER + ' sent to object: 'Object Repository/Regression BackOffice/CLINK - 28718/General Information/LineOfBusiness'

2019-06-24 13:46:42 - [MESSAGE][PASSED] - Keys 'DOWN + ENTER + ' sent to object: 'Object Repository/Regression BackOffice/CLINK - 28718/General Information/LineOfBusiness'

2019-06-24 13:46:42 - [TEST_STEP][PASSED] - delay(2): Delayed 2 second(s)

2019-06-24 13:46:44 - [MESSAGE][PASSED] - Delayed 2 second(s)

2019-06-24 13:46:44 - [TEST_STEP][PASSED] - waitForElementPresent(findTestObject("Regression BackOffice/CLINK - 28718/General Information/First Name Caregiver"), 50): Object 'Object Repository/Regression BackOffice/CLINK - 28718/General Information/First Name Caregiver' is present

2019-06-24 13:46:45 - [MESSAGE][PASSED] - Object 'Object Repository/Regression BackOffice/CLINK - 28718/General Information/First Name Caregiver' is present

2019-06-24 13:46:45 - [TEST_STEP][PASSED] - setText(findTestObject("Regression BackOffice/CLINK - 28718/General Information/First Name Caregiver"), G_CaregiverFirstName): Text 'Sean' is set on object 'Object Repository/Regression BackOffice/CLINK - 28718/General Information/First Name Caregiver'

2019-06-24 13:46:46 - [MESSAGE][PASSED] - Text 'Sean' is set on object 'Object Repository/Regression BackOffice/CLINK - 28718/General Information/First Name Caregiver'

2019-06-24 13:46:46 - [TEST_STEP][PASSED] - delay(2): Delayed 2 second(s)

2019-06-24 13:46:48 - [MESSAGE][PASSED] - Delayed 2 second(s)

2019-06-24 13:46:48 - [TEST_STEP][PASSED] - waitForElementPresent(findTestObject("Regression BackOffice/CLINK - 28718/General Information/Last Name Caregiver"), 50): Object 'Object Repository/Regression BackOffice/CLINK - 28718/General Information/Last Name Caregiver' is present

2019-06-24 13:46:48 - [MESSAGE][PASSED] - Object 'Object Repository/Regression BackOffice/CLINK - 28718/General Information/Last Name Caregiver' is present

2019-06-24 13:46:48 - [TEST_STEP][PASSED] - setText(findTestObject("Regression BackOffice/CLINK - 28718/General Information/Last Name Caregiver"), G_CareGiverLastName): Text 'Soul' is set on object 'Object Repository/Regression BackOffice/CLINK - 28718/General Information/Last Name Caregiver'

2019-06-24 13:46:50 - [MESSAGE][PASSED] - Text 'Soul' is set on object 'Object Repository/Regression BackOffice/CLINK - 28718/General Information/Last Name Caregiver'

2019-06-24 13:46:50 - [TEST_STEP][PASSED] - delay(2): Delayed 2 second(s)

2019-06-24 13:46:52 - [MESSAGE][PASSED] - Delayed 2 second(s)

2019-06-24 13:46:52 - [TEST_STEP][PASSED] - waitForElementPresent(findTestObject("Regression BackOffice/CLINK - 28718/General Information/SSNCaregiver"), 50): Object 'Object Repository/Regression BackOffice/CLINK - 28718/General Information/SSNCaregiver' is present

2019-06-24 13:46:52 - [MESSAGE][PASSED] - Object 'Object Repository/Regression BackOffice/CLINK - 28718/General Information/SSNCaregiver' is present

2019-06-24 13:46:52 - [TEST_STEP][PASSED] - setText(findTestObject("Regression BackOffice/CLINK - 28718/General Information/SSNCaregiver"), G_CaregiverSSN): Text '535870070' is set on object 'Object Repository/Regression BackOffice/CLINK - 28718/General Information/SSNCaregiver'

2019-06-24 13:46:55 - [MESSAGE][PASSED] - Text '535870070' is set on object 'Object Repository/Regression BackOffice/CLINK - 28718/General Information/SSNCaregiver'

2019-06-24 13:46:55 - [TEST_STEP][PASSED] - delay(2): Delayed 2 second(s)

2019-06-24 13:46:57 - [MESSAGE][PASSED] - Delayed 2 second(s)

2019-06-24 13:46:57 - [TEST_STEP][PASSED] - setText(findTestObject("Regression BackOffice/CLINK - 28718/Address/Address"), "1628 NW 6 St"): Text '1628 NW 6 St' is set on object 'Object Repository/Regression BackOffice/CLINK - 28718/Address/Address'

2019-06-24 13:47:00 - [MESSAGE][PASSED] - Text '1628 NW 6 St' is set on object 'Object Repository/Regression BackOffice/CLINK - 28718/Address/Address'

2019-06-24 13:47:00 - [TEST_STEP][PASSED] - delay(3): Delayed 3 second(s)

2019-06-24 13:47:03 - [MESSAGE][PASSED] - Delayed 3 second(s)

2019-06-24 13:47:03 - [TEST_STEP][PASSED] - setText(findTestObject("Regression BackOffice/CLINK - 28718/Address/City"), "Miami"): Text 'Miami' is set on object 'Object Repository/Regression BackOffice/CLINK - 28718/Address/City'

2019-06-24 13:47:04 - [MESSAGE][PASSED] - Text 'Miami' is set on object 'Object Repository/Regression BackOffice/CLINK - 28718/Address/City'

2019-06-24 13:47:04 - [TEST_STEP][PASSED] - delay(3): Delayed 3 second(s)

2019-06-24 13:47:07 - [MESSAGE][PASSED] - Delayed 3 second(s)

2019-06-24 13:47:07 - [TEST_STEP][PASSED] - click(findTestObject("Regression BackOffice/CLINK - 28718/Address/State"), CONTINUE_ON_FAILURE): Object: 'Object Repository/Regression BackOffice/CLINK - 28718/Address/State' is clicked on

2019-06-24 13:47:08 - [MESSAGE][PASSED] - Object: 'Object Repository/Regression BackOffice/CLINK - 28718/Address/State' is clicked on

2019-06-24 13:47:08 - [TEST_STEP][PASSED] - sendKeys(findTestObject("Regression BackOffice/CLINK - 28718/Address/State"), "Florida"): Keys 'Florida' sent to object: 'Object Repository/Regression BackOffice/CLINK - 28718/Address/State'

2019-06-24 13:47:08 - [MESSAGE][PASSED] - Keys 'Florida' sent to object: 'Object Repository/Regression BackOffice/CLINK - 28718/Address/State'

2019-06-24 13:47:08 - [TEST_STEP][PASSED] - sendKeys(findTestObject("Regression BackOffice/CLINK - 28718/Address/State"), Keys.chord(ENTER)): Keys 'ENTER + ' sent to object: 'Object Repository/Regression BackOffice/CLINK - 28718/Address/State'

2019-06-24 13:47:08 - [MESSAGE][PASSED] - Keys 'ENTER + ' sent to object: 'Object Repository/Regression BackOffice/CLINK - 28718/Address/State'

2019-06-24 13:47:08 - [TEST_STEP][PASSED] - delay(5): Delayed 5 second(s)

2019-06-24 13:47:13 - [MESSAGE][PASSED] - Delayed 5 second(s)

2019-06-24 13:47:13 - [TEST_STEP][PASSED] - click(findTestObject("Regression BackOffice/CLINK - 28718/Address/BtnVerify"), CONTINUE_ON_FAILURE): Object: 'Object Repository/Regression BackOffice/CLINK - 28718/Address/BtnVerify' is clicked on

2019-06-24 13:47:14 - [MESSAGE][PASSED] - Object: 'Object Repository/Regression BackOffice/CLINK - 28718/Address/BtnVerify' is clicked on

2019-06-24 13:47:14 - [TEST_STEP][PASSED] - delay(5): Delayed 5 second(s)

2019-06-24 13:47:19 - [MESSAGE][PASSED] - Delayed 5 second(s)

2019-06-24 13:47:19 - [TEST_STEP][PASSED] - click(findTestObject("Regression BackOffice/CLINK - 28718/Address/ChkVerify"), CONTINUE_ON_FAILURE): Object: 'Object Repository/Regression BackOffice/CLINK - 28718/Address/ChkVerify' is clicked on

2019-06-24 13:47:20 - [MESSAGE][PASSED] - Object: 'Object Repository/Regression BackOffice/CLINK - 28718/Address/ChkVerify' is clicked on

2019-06-24 13:47:20 - [TEST_STEP][PASSED] - delay(3): Delayed 3 second(s)

2019-06-24 13:47:23 - [MESSAGE][PASSED] - Delayed 3 second(s)

2019-06-24 13:47:23 - [TEST_STEP][PASSED] - waitForElementPresent(findTestObject("Regression BackOffice/CLINK - 28718/Phone/Add New Phone Link"), 100): Object 'Object Repository/Regression BackOffice/CLINK - 28718/Phone/Add New Phone Link' is present

2019-06-24 13:47:23 - [MESSAGE][PASSED] - Object 'Object Repository/Regression BackOffice/CLINK - 28718/Phone/Add New Phone Link' is present

2019-06-24 13:47:23 - [TEST_STEP][PASSED] - click(findTestObject("Regression BackOffice/CLINK - 28718/Phone/Add New Phone Link")): Object: 'Object Repository/Regression BackOffice/CLINK - 28718/Phone/Add New Phone Link' is clicked on

2019-06-24 13:47:25 - [MESSAGE][PASSED] - Object: 'Object Repository/Regression BackOffice/CLINK - 28718/Phone/Add New Phone Link' is clicked on

2019-06-24 13:47:25 - [TEST_STEP][PASSED] - delay(2): Delayed 2 second(s)

2019-06-24 13:47:27 - [MESSAGE][PASSED] - Delayed 2 second(s)

2019-06-24 13:47:27 - [TEST_STEP][PASSED] - click(findTestObject("Regression BackOffice/CLINK - 28718/Phone/PhoneType"), CONTINUE_ON_FAILURE): Object: 'Object Repository/Regression BackOffice/CLINK - 28718/Phone/PhoneType' is clicked on

2019-06-24 13:47:28 - [MESSAGE][PASSED] - Object: 'Object Repository/Regression BackOffice/CLINK - 28718/Phone/PhoneType' is clicked on

2019-06-24 13:47:28 - [TEST_STEP][PASSED] - sendKeys(findTestObject("Regression BackOffice/CLINK - 28718/Phone/PhoneType"), Keys.chord(ARROW_DOWN, ENTER)): Keys 'DOWN + ENTER + ' sent to object: 'Object Repository/Regression BackOffice/CLINK - 28718/Phone/PhoneType'

2019-06-24 13:47:29 - [MESSAGE][PASSED] - Keys 'DOWN + ENTER + ' sent to object: 'Object Repository/Regression BackOffice/CLINK - 28718/Phone/PhoneType'

2019-06-24 13:47:29 - [TEST_STEP][PASSED] - delay(3): Delayed 3 second(s)

2019-06-24 13:47:32 - [MESSAGE][PASSED] - Delayed 3 second(s)

2019-06-24 13:47:32 - [TEST_STEP][PASSED] - setText(findTestObject("Regression BackOffice/CLINK - 28718/Phone/PhoneNumber"), "2345698789"): Text '2345698789' is set on object 'Object Repository/Regression BackOffice/CLINK - 28718/Phone/PhoneNumber'

2019-06-24 13:47:35 - [MESSAGE][PASSED] - Text '2345698789' is set on object 'Object Repository/Regression BackOffice/CLINK - 28718/Phone/PhoneNumber'

2019-06-24 13:47:35 - [TEST_STEP][PASSED] - delay(3): Delayed 3 second(s)

2019-06-24 13:47:38 - [MESSAGE][PASSED] - Delayed 3 second(s)

2019-06-24 13:47:38 - [TEST_STEP][PASSED] - waitForElementPresent(findTestObject("Regression BackOffice/CLINK - 28718/Phone/chkisprimary"), 100): Object 'Object Repository/Regression BackOffice/CLINK - 28718/Phone/chkisprimary' is present

2019-06-24 13:47:38 - [MESSAGE][PASSED] - Object 'Object Repository/Regression BackOffice/CLINK - 28718/Phone/chkisprimary' is present

2019-06-24 13:47:38 - [TEST_STEP][PASSED] - click(findTestObject("Regression BackOffice/CLINK - 28718/Phone/chkisprimary")): Object: 'Object Repository/Regression BackOffice/CLINK - 28718/Phone/chkisprimary' is clicked on

2019-06-24 13:47:38 - [MESSAGE][PASSED] - Object: 'Object Repository/Regression BackOffice/CLINK - 28718/Phone/chkisprimary' is clicked on

2019-06-24 13:47:38 - [TEST_STEP][PASSED] - delay(2): Delayed 2 second(s)

2019-06-24 13:47:40 - [MESSAGE][PASSED] - Delayed 2 second(s)

2019-06-24 13:47:40 - [TEST_STEP][PASSED] - waitForElementPresent(findTestObject("Regression BackOffice/CLINK - 28718/Phone/a_Add to List"), 100): Object 'Object Repository/Regression BackOffice/CLINK - 28718/Phone/a_Add to List' is present

2019-06-24 13:47:41 - [MESSAGE][PASSED] - Object 'Object Repository/Regression BackOffice/CLINK - 28718/Phone/a_Add to List' is present

2019-06-24 13:47:41 - [TEST_STEP][PASSED] - click(findTestObject("Regression BackOffice/CLINK - 28718/Phone/a_Add to List")): Object: 'Object Repository/Regression BackOffice/CLINK - 28718/Phone/a_Add to List' is clicked on

2019-06-24 13:47:41 - [MESSAGE][PASSED] - Object: 'Object Repository/Regression BackOffice/CLINK - 28718/Phone/a_Add to List' is clicked on

2019-06-24 13:47:41 - [TEST_STEP][PASSED] - delay(2): Delayed 2 second(s)

2019-06-24 13:47:43 - [MESSAGE][PASSED] - Delayed 2 second(s)

2019-06-24 13:47:43 - [TEST_STEP][PASSED] - scrollToElement(findTestObject("Regression BackOffice/CLINK - 28718/Discipline/Add Discipline"), 100): Scroll to object 'Object Repository/Regression BackOffice/CLINK - 28718/Discipline/Add Discipline' successfully

2019-06-24 13:47:43 - [MESSAGE][PASSED] - Scroll to object 'Object Repository/Regression BackOffice/CLINK - 28718/Discipline/Add Discipline' successfully

2019-06-24 13:47:43 - [TEST_STEP][PASSED] - click(findTestObject("Regression BackOffice/CLINK - 28718/Discipline/Add Discipline")): Object: 'Object Repository/Regression BackOffice/CLINK - 28718/Discipline/Add Discipline' is clicked on

2019-06-24 13:47:44 - [MESSAGE][PASSED] - Object: 'Object Repository/Regression BackOffice/CLINK - 28718/Discipline/Add Discipline' is clicked on

2019-06-24 13:47:44 - [TEST_STEP][PASSED] - delay(2): Delayed 2 second(s)

2019-06-24 13:47:46 - [MESSAGE][PASSED] - Delayed 2 second(s)

2019-06-24 13:47:46 - [TEST_STEP][PASSED] - click(findTestObject("Regression BackOffice/CLINK - 28718/Discipline/DisciplineType"), CONTINUE_ON_FAILURE): Object: 'Object Repository/Regression BackOffice/CLINK - 28718/Discipline/DisciplineType' is clicked on

2019-06-24 13:47:47 - [MESSAGE][PASSED] - Object: 'Object Repository/Regression BackOffice/CLINK - 28718/Discipline/DisciplineType' is clicked on

2019-06-24 13:47:47 - [TEST_STEP][PASSED] - sendKeys(findTestObject("Regression BackOffice/CLINK - 28718/Discipline/DisciplineType"), Keys.chord(ARROW_DOWN, ENTER)): Keys 'DOWN + ENTER + ' sent to object: 'Object Repository/Regression BackOffice/CLINK - 28718/Discipline/DisciplineType'

2019-06-24 13:47:47 - [MESSAGE][PASSED] - Keys 'DOWN + ENTER + ' sent to object: 'Object Repository/Regression BackOffice/CLINK - 28718/Discipline/DisciplineType'

2019-06-24 13:47:47 - [TEST_STEP][PASSED] - delay(3): Delayed 3 second(s)

2019-06-24 13:47:51 - [MESSAGE][PASSED] - Delayed 3 second(s)

2019-06-24 13:47:51 - [TEST_STEP][NOT_RUN] - click(findTestObject("Regression BackOffice/CLINK - 28718/Discipline/Begin Date")): NOT_RUN: click(findTestObject("Regression BackOffice/CLINK - 28718/Discipline/Begin Date"))

2019-06-24 13:47:51 - [MESSAGE][NOT_RUN] - NOT_RUN: click(findTestObject("Regression BackOffice/CLINK - 28718/Discipline/Begin Date"))

2019-06-24 13:47:51 - [TEST_STEP][PASSED] - sendKeys(findTestObject("Regression BackOffice/CLINK - 28718/Discipline/Begin Date"), "04/24/2019"): Keys '04/24/2019' sent to object: 'Object Repository/Regression BackOffice/CLINK - 28718/Discipline/Begin Date'

2019-06-24 13:47:52 - [MESSAGE][PASSED] - Keys '04/24/2019' sent to object: 'Object Repository/Regression BackOffice/CLINK - 28718/Discipline/Begin Date'

2019-06-24 13:47:52 - [TEST_STEP][PASSED] - delay(4): Delayed 4 second(s)

2019-06-24 13:47:56 - [MESSAGE][PASSED] - Delayed 4 second(s)

2019-06-24 13:47:56 - [TEST_STEP][NOT_RUN] - click(findTestObject("Regression BackOffice/CLINK - 28718/Discipline/Effective EndDate")): NOT_RUN: click(findTestObject("Regression BackOffice/CLINK - 28718/Discipline/Effective EndDate"))

2019-06-24 13:47:56 - [MESSAGE][NOT_RUN] - NOT_RUN: click(findTestObject("Regression BackOffice/CLINK - 28718/Discipline/Effective EndDate"))

2019-06-24 13:47:56 - [TEST_STEP][NOT_RUN] - sendKeys(findTestObject("Regression BackOffice/CLINK - 28718/Discipline/Effective EndDate"), getDate.DateUtilities.getDateMonthDayYearNumberwithSlash()): NOT_RUN: sendKeys(findTestObject("Regression BackOffice/CLINK - 28718/Discipline/Effective EndDate"), getDate.DateUtilities.getDateMonthDayYearNumberwithSlash())

2019-06-24 13:47:56 - [MESSAGE][NOT_RUN] - NOT_RUN: sendKeys(findTestObject("Regression BackOffice/CLINK - 28718/Discipline/Effective EndDate"), getDate.DateUtilities.getDateMonthDayYearNumberwithSlash())

2019-06-24 13:47:56 - [TEST_STEP][NOT_RUN] - delay(4): NOT_RUN: delay(4)

2019-06-24 13:47:56 - [MESSAGE][NOT_RUN] - NOT_RUN: delay(4)

2019-06-24 13:47:56 - [TEST_STEP][PASSED] - waitForElementPresent(findTestObject("Regression BackOffice/CLINK - 28718/Discipline/ChkPrimaryDiscipline"), 100): Object 'Object Repository/Regression BackOffice/CLINK - 28718/Discipline/ChkPrimaryDiscipline' is present

2019-06-24 13:47:56 - [MESSAGE][PASSED] - Object 'Object Repository/Regression BackOffice/CLINK - 28718/Discipline/ChkPrimaryDiscipline' is present

2019-06-24 13:47:56 - [TEST_STEP][PASSED] - click(findTestObject("Regression BackOffice/CLINK - 28718/Discipline/ChkPrimaryDiscipline")): Object: 'Object Repository/Regression BackOffice/CLINK - 28718/Discipline/ChkPrimaryDiscipline' is clicked on

2019-06-24 13:47:57 - [MESSAGE][PASSED] - Object: 'Object Repository/Regression BackOffice/CLINK - 28718/Discipline/ChkPrimaryDiscipline' is clicked on

2019-06-24 13:47:57 - [TEST_STEP][PASSED] - delay(2): Delayed 2 second(s)

2019-06-24 13:47:59 - [MESSAGE][PASSED] - Delayed 2 second(s)

2019-06-24 13:47:59 - [TEST_STEP][PASSED] - waitForElementPresent(findTestObject("Regression BackOffice/CLINK - 28718/Discipline/Add to List Discipline"), 100): Object 'Object Repository/Regression BackOffice/CLINK - 28718/Discipline/Add to List Discipline' is present

2019-06-24 13:47:59 - [MESSAGE][PASSED] - Object 'Object Repository/Regression BackOffice/CLINK - 28718/Discipline/Add to List Discipline' is present

2019-06-24 13:47:59 - [TEST_STEP][PASSED] - click(findTestObject("Regression BackOffice/CLINK - 28718/Discipline/Add to List Discipline")): Object: 'Object Repository/Regression BackOffice/CLINK - 28718/Discipline/Add to List Discipline' is clicked on

2019-06-24 13:48:00 - [MESSAGE][PASSED] - Object: 'Object Repository/Regression BackOffice/CLINK - 28718/Discipline/Add to List Discipline' is clicked on

2019-06-24 13:48:00 - [TEST_STEP][PASSED] - delay(2): Delayed 2 second(s)

2019-06-24 13:48:02 - [MESSAGE][PASSED] - Delayed 2 second(s)

2019-06-24 13:48:02 - [TEST_STEP][PASSED] - acceptAlert(): Alert accepted

2019-06-24 13:48:02 - [MESSAGE][PASSED] - Alert accepted

2019-06-24 13:48:02 - [TEST_STEP][PASSED] - delay(2): Delayed 2 second(s)

2019-06-24 13:48:04 - [MESSAGE][PASSED] - Delayed 2 second(s)

2019-06-24 13:48:04 - [TEST_STEP][PASSED] - switchToDefaultContent(): null

2019-06-24 13:48:04 - [TEST_STEP][PASSED] - switchToFrame(findTestObject("Regression BackOffice/CLINK - 28718/BannerFrame"), 50): null

2019-06-24 13:48:04 - [TEST_STEP][PASSED] - waitForElementPresent(findTestObject("Regression BackOffice/CLINK - 28718/bttnSave"), 50): Object 'Object Repository/Regression BackOffice/CLINK - 28718/bttnSave' is present

2019-06-24 13:48:05 - [MESSAGE][PASSED] - Object 'Object Repository/Regression BackOffice/CLINK - 28718/bttnSave' is present

2019-06-24 13:48:05 - [TEST_STEP][PASSED] - click(findTestObject("Regression BackOffice/CLINK - 28718/bttnSave")): Object: 'Object Repository/Regression BackOffice/CLINK - 28718/bttnSave' is clicked on

2019-06-24 13:48:06 - [MESSAGE][PASSED] - Object: 'Object Repository/Regression BackOffice/CLINK - 28718/bttnSave' is clicked on

2019-06-24 13:48:06 - [TEST_STEP][PASSED] - delay(3): Delayed 3 second(s)

2019-06-24 13:48:09 - [MESSAGE][PASSED] - Delayed 3 second(s)

2019-06-24 13:48:09 - [TEST_STEP][PASSED] - switchToDefaultContent(): null

2019-06-24 13:48:09 - [TEST_STEP][PASSED] - switchToFrame(findTestObject("Regression BackOffice/CLNK-23449/FrameMain"), 30): null

2019-06-24 13:48:09 - [TEST_STEP][PASSED] - click(findTestObject("Regression BackOffice/CLINK - 28718/Date Of Birth"), CONTINUE_ON_FAILURE): Object: 'Object Repository/Regression BackOffice/CLINK - 28718/Date Of Birth' is clicked on

2019-06-24 13:48:10 - [MESSAGE][PASSED] - Object: 'Object Repository/Regression BackOffice/CLINK - 28718/Date Of Birth' is clicked on

2019-06-24 13:48:10 - [TEST_STEP][PASSED] - sendKeys(findTestObject("Regression BackOffice/CLINK - 28718/Date Of Birth"), "05/23/1970"): Keys '05/23/1970' sent to object: 'Object Repository/Regression BackOffice/CLINK - 28718/Date Of Birth'

2019-06-24 13:48:11 - [MESSAGE][PASSED] - Keys '05/23/1970' sent to object: 'Object Repository/Regression BackOffice/CLINK - 28718/Date Of Birth'

2019-06-24 13:48:11 - [TEST_STEP][PASSED] - delay(3): Delayed 3 second(s)

2019-06-24 13:48:14 - [MESSAGE][PASSED] - Delayed 3 second(s)

2019-06-24 13:48:14 - [TEST_STEP][PASSED] - waitForElementPresent(findTestObject("Regression BackOffice/CLINK - 28718/u_Continue"), 100): Object 'Object Repository/Regression BackOffice/CLINK - 28718/u_Continue' is present

2019-06-24 13:48:14 - [MESSAGE][PASSED] - Object 'Object Repository/Regression BackOffice/CLINK - 28718/u_Continue' is present

2019-06-24 13:48:14 - [TEST_STEP][PASSED] - click(findTestObject("Regression BackOffice/CLINK - 28718/u_Continue")): Object: 'Object Repository/Regression BackOffice/CLINK - 28718/u_Continue' is clicked on

2019-06-24 13:48:20 - [MESSAGE][PASSED] - Object: 'Object Repository/Regression BackOffice/CLINK - 28718/u_Continue' is clicked on

2019-06-24 13:48:20 - [TEST_STEP][PASSED] - delay(5): Delayed 5 second(s)

2019-06-24 13:48:25 - [MESSAGE][PASSED] - Delayed 5 second(s)

2019-06-24 13:48:25 - [TEST_STEP][PASSED] - waitForPageLoad(50): Wait for page load successfully

2019-06-24 13:48:25 - [MESSAGE][PASSED] - Wait for page load successfully

2019-06-24 13:48:25 - [TEST_STEP][PASSED] - switchToDefaultContent(): null

2019-06-24 13:48:25 - [TEST_STEP][PASSED] - switchToFrame(findTestObject("Regression BackOffice/CLNK-23449/FrameLeft"), 30): null

2019-06-24 13:48:25 - [TEST_STEP][PASSED] - delay(10): Delayed 10 second(s)

2019-06-24 13:48:35 - [MESSAGE][PASSED] - Delayed 10 second(s)

2019-06-24 13:48:35 - [TEST_STEP][PASSED] - waitForElementPresent(findTestObject("Regression BackOffice/CLINK - 28718/Race and Sex/Caregiver HR Details"), 100): Object 'Object Repository/Regression BackOffice/CLINK - 28718/Race and Sex/Caregiver HR Details' is present

2019-06-24 13:48:36 - [MESSAGE][PASSED] - Object 'Object Repository/Regression BackOffice/CLINK - 28718/Race and Sex/Caregiver HR Details' is present

2019-06-24 13:48:36 - [TEST_STEP][PASSED] - click(findTestObject("Regression BackOffice/CLINK - 28718/Race and Sex/Caregiver HR Details")): Object: 'Object Repository/Regression BackOffice/CLINK - 28718/Race and Sex/Caregiver HR Details' is clicked on

2019-06-24 13:48:37 - [MESSAGE][PASSED] - Object: 'Object Repository/Regression BackOffice/CLINK - 28718/Race and Sex/Caregiver HR Details' is clicked on

2019-06-24 13:48:37 - [TEST_STEP][PASSED] - delay(5): Delayed 5 second(s)

2019-06-24 13:48:42 - [MESSAGE][PASSED] - Delayed 5 second(s)

2019-06-24 13:48:42 - [TEST_STEP][PASSED] - acceptAlert(): Alert accepted

2019-06-24 13:48:42 - [MESSAGE][PASSED] - Alert accepted

2019-06-24 13:48:42 - [TEST_STEP][PASSED] - switchToDefaultContent(): null

2019-06-24 13:48:44 - [TEST_STEP][PASSED] - switchToFrame(findTestObject("Regression BackOffice/CLNK-23449/FrameMain"), 30): null

2019-06-24 13:48:44 - [TEST_STEP][PASSED] - delay(2): Delayed 2 second(s)

2019-06-24 13:48:46 - [MESSAGE][PASSED] - Delayed 2 second(s)

2019-06-24 13:48:46 - [TEST_STEP][NOT_RUN] - waitForElementPresent(findTestObject("Regression BackOffice/CLINK - 28718/General Information/First Name Caregiver"), 50): NOT_RUN: waitForElementPresent(findTestObject("Regression BackOffice/CLINK - 28718/General Information/First Name Caregiver"), 50)

2019-06-24 13:48:46 - [MESSAGE][NOT_RUN] - NOT_RUN: waitForElementPresent(findTestObject("Regression BackOffice/CLINK - 28718/General Information/First Name Caregiver"), 50)

2019-06-24 13:48:46 - [TEST_STEP][NOT_RUN] - setText(findTestObject("Regression BackOffice/CLINK - 28718/General Information/First Name Caregiver"), G_CaregiverFirstName): NOT_RUN: setText(findTestObject("Regression BackOffice/CLINK - 28718/General Information/First Name Caregiver"), G_CaregiverFirstName)

2019-06-24 13:48:46 - [MESSAGE][NOT_RUN] - NOT_RUN: setText(findTestObject("Regression BackOffice/CLINK - 28718/General Information/First Name Caregiver"), G_CaregiverFirstName)

2019-06-24 13:48:46 - [TEST_STEP][NOT_RUN] - delay(4): NOT_RUN: delay(4)

2019-06-24 13:48:46 - [MESSAGE][NOT_RUN] - NOT_RUN: delay(4)

2019-06-24 13:48:46 - [TEST_STEP][NOT_RUN] - waitForElementPresent(findTestObject("Regression BackOffice/CLINK - 28718/General Information/Last Name Caregiver"), 50): NOT_RUN: waitForElementPresent(findTestObject("Regression BackOffice/CLINK - 28718/General Information/Last Name Caregiver"), 50)

2019-06-24 13:48:46 - [MESSAGE][NOT_RUN] - NOT_RUN: waitForElementPresent(findTestObject("Regression BackOffice/CLINK - 28718/General Information/Last Name Caregiver"), 50)

2019-06-24 13:48:46 - [TEST_STEP][NOT_RUN] - setText(findTestObject("Regression BackOffice/CLINK - 28718/General Information/Last Name Caregiver"), G_CareGiverLastName): NOT_RUN: setText(findTestObject("Regression BackOffice/CLINK - 28718/General Information/Last Name Caregiver"), G_CareGiverLastName)

2019-06-24 13:48:46 - [MESSAGE][NOT_RUN] - NOT_RUN: setText(findTestObject("Regression BackOffice/CLINK - 28718/General Information/Last Name Caregiver"), G_CareGiverLastName)

2019-06-24 13:48:46 - [TEST_STEP][NOT_RUN] - delay(2): NOT_RUN: delay(2)

2019-06-24 13:48:46 - [MESSAGE][NOT_RUN] - NOT_RUN: delay(2)

2019-06-24 13:48:46 - [TEST_STEP][NOT_RUN] - waitForElementPresent(findTestObject("Regression BackOffice/CLINK - 28718/CaregiverBttnSearch"), 100): NOT_RUN: waitForElementPresent(findTestObject("Regression BackOffice/CLINK - 28718/CaregiverBttnSearch"), 100)

2019-06-24 13:48:46 - [MESSAGE][NOT_RUN] - NOT_RUN: waitForElementPresent(findTestObject("Regression BackOffice/CLINK - 28718/CaregiverBttnSearch"), 100)

2019-06-24 13:48:46 - [TEST_STEP][NOT_RUN] - click(findTestObject("Regression BackOffice/CLINK - 28718/CaregiverBttnSearch")): NOT_RUN: click(findTestObject("Regression BackOffice/CLINK - 28718/CaregiverBttnSearch"))

2019-06-24 13:48:46 - [MESSAGE][NOT_RUN] - NOT_RUN: click(findTestObject("Regression BackOffice/CLINK - 28718/CaregiverBttnSearch"))

2019-06-24 13:48:46 - [TEST_STEP][NOT_RUN] - delay(5): NOT_RUN: delay(5)

2019-06-24 13:48:46 - [MESSAGE][NOT_RUN] - NOT_RUN: delay(5)

2019-06-24 13:48:46 - [TEST_STEP][NOT_RUN] - waitForElementPresent(findTestObject("Regression BackOffice/CLINK - 28718/CaregiverLink"), 100): NOT_RUN: waitForElementPresent(findTestObject("Regression BackOffice/CLINK - 28718/CaregiverLink"), 100)

2019-06-24 13:48:46 - [MESSAGE][NOT_RUN] - NOT_RUN: waitForElementPresent(findTestObject("Regression BackOffice/CLINK - 28718/CaregiverLink"), 100)

2019-06-24 13:48:46 - [TEST_STEP][NOT_RUN] - click(findTestObject("Regression BackOffice/CLINK - 28718/CaregiverLink")): NOT_RUN: click(findTestObject("Regression BackOffice/CLINK - 28718/CaregiverLink"))

2019-06-24 13:48:46 - [MESSAGE][NOT_RUN] - NOT_RUN: click(findTestObject("Regression BackOffice/CLINK - 28718/CaregiverLink"))

2019-06-24 13:48:46 - [TEST_STEP][NOT_RUN] - delay(5): NOT_RUN: delay(5)

2019-06-24 13:48:46 - [MESSAGE][NOT_RUN] - NOT_RUN: delay(5)

2019-06-24 13:48:46 - [TEST_STEP][PASSED] - scrollToElement(findTestObject("Regression BackOffice/CLINK - 28718/Race and Sex/ChkSameAddress"), 100): Scroll to object 'Object Repository/Regression BackOffice/CLINK - 28718/Race and Sex/ChkSameAddress' successfully

2019-06-24 13:48:46 - [MESSAGE][PASSED] - Scroll to object 'Object Repository/Regression BackOffice/CLINK - 28718/Race and Sex/ChkSameAddress' successfully

2019-06-24 13:48:46 - [TEST_STEP][PASSED] - click(findTestObject("Regression BackOffice/CLINK - 28718/Race and Sex/ChkSameAddress")): Object: 'Object Repository/Regression BackOffice/CLINK - 28718/Race and Sex/ChkSameAddress' is clicked on

2019-06-24 13:48:47 - [MESSAGE][PASSED] - Object: 'Object Repository/Regression BackOffice/CLINK - 28718/Race and Sex/ChkSameAddress' is clicked on

2019-06-24 13:48:47 - [TEST_STEP][PASSED] - delay(5): Delayed 5 second(s)

2019-06-24 13:48:52 - [MESSAGE][PASSED] - Delayed 5 second(s)

2019-06-24 13:48:52 - [TEST_STEP][PASSED] - click(findTestObject("Regression BackOffice/CLINK - 28718/Race and Sex/RaceType"), CONTINUE_ON_FAILURE): Object: 'Object Repository/Regression BackOffice/CLINK - 28718/Race and Sex/RaceType' is clicked on

2019-06-24 13:48:53 - [MESSAGE][PASSED] - Object: 'Object Repository/Regression BackOffice/CLINK - 28718/Race and Sex/RaceType' is clicked on

2019-06-24 13:48:53 - [TEST_STEP][PASSED] - sendKeys(findTestObject("Regression BackOffice/CLINK - 28718/Race and Sex/RaceType"), Keys.chord(ARROW_UP, ARROW_UP, ENTER)): Keys 'UP + UP + ENTER + ' sent to object: 'Object Repository/Regression BackOffice/CLINK - 28718/Race and Sex/RaceType'

2019-06-24 13:48:53 - [MESSAGE][PASSED] - Keys 'UP + UP + ENTER + ' sent to object: 'Object Repository/Regression BackOffice/CLINK - 28718/Race and Sex/RaceType'

2019-06-24 13:48:53 - [TEST_STEP][PASSED] - delay(3): Delayed 3 second(s)

2019-06-24 13:48:56 - [MESSAGE][PASSED] - Delayed 3 second(s)

2019-06-24 13:48:56 - [TEST_STEP][PASSED] - waitForElementPresent(findTestObject("Regression BackOffice/CLINK - 28718/Race and Sex/SexType"), 50): Object 'Object Repository/Regression BackOffice/CLINK - 28718/Race and Sex/SexType' is present

2019-06-24 13:48:56 - [MESSAGE][PASSED] - Object 'Object Repository/Regression BackOffice/CLINK - 28718/Race and Sex/SexType' is present

2019-06-24 13:48:56 - [TEST_STEP][PASSED] - click(findTestObject("Regression BackOffice/CLINK - 28718/Race and Sex/SexType"), CONTINUE_ON_FAILURE): Object: 'Object Repository/Regression BackOffice/CLINK - 28718/Race and Sex/SexType' is clicked on

2019-06-24 13:48:57 - [MESSAGE][PASSED] - Object: 'Object Repository/Regression BackOffice/CLINK - 28718/Race and Sex/SexType' is clicked on

2019-06-24 13:48:57 - [TEST_STEP][PASSED] - delay(3): Delayed 3 second(s)

2019-06-24 13:49:00 - [MESSAGE][PASSED] - Delayed 3 second(s)

2019-06-24 13:49:00 - [TEST_STEP][PASSED] - click(findTestObject("Regression BackOffice/CLINK - 28718/Race and Sex/Date Of Hire"), CONTINUE_ON_FAILURE): Object: 'Object Repository/Regression BackOffice/CLINK - 28718/Race and Sex/Date Of Hire' is clicked on

2019-06-24 13:49:00 - [MESSAGE][PASSED] - Object: 'Object Repository/Regression BackOffice/CLINK - 28718/Race and Sex/Date Of Hire' is clicked on

2019-06-24 13:49:00 - [TEST_STEP][PASSED] - sendKeys(findTestObject("Regression BackOffice/CLINK - 28718/Race and Sex/Date Of Hire"), "04/24/2019"): Keys '04/24/2019' sent to object: 'Object Repository/Regression BackOffice/CLINK - 28718/Race and Sex/Date Of Hire'

2019-06-24 13:49:01 - [MESSAGE][PASSED] - Keys '04/24/2019' sent to object: 'Object Repository/Regression BackOffice/CLINK - 28718/Race and Sex/Date Of Hire'

2019-06-24 13:49:01 - [TEST_STEP][PASSED] - delay(3): Delayed 3 second(s)

2019-06-24 13:49:04 - [MESSAGE][PASSED] - Delayed 3 second(s)

2019-06-24 13:49:04 - [TEST_STEP][PASSED] - switchToDefaultContent(): null

2019-06-24 13:49:04 - [TEST_STEP][PASSED] - switchToFrame(findTestObject("Regression BackOffice/CLINK - 28718/BannerFrame"), 50): null

2019-06-24 13:49:05 - [TEST_STEP][PASSED] - waitForElementPresent(findTestObject("Regression BackOffice/CLINK - 28718/bttnSaveII"), 50): Object 'Object Repository/Regression BackOffice/CLINK - 28718/bttnSaveII' is present

2019-06-24 13:49:05 - [MESSAGE][PASSED] - Object 'Object Repository/Regression BackOffice/CLINK - 28718/bttnSaveII' is present

2019-06-24 13:49:05 - [TEST_STEP][PASSED] - click(findTestObject("Regression BackOffice/CLINK - 28718/bttnSaveII")): Object: 'Object Repository/Regression BackOffice/CLINK - 28718/bttnSaveII' is clicked on

2019-06-24 13:49:10 - [MESSAGE][PASSED] - Object: 'Object Repository/Regression BackOffice/CLINK - 28718/bttnSaveII' is clicked on

2019-06-24 13:49:10 - [TEST_STEP][PASSED] - delay(3): Delayed 3 second(s)

2019-06-24 13:49:14 - [MESSAGE][PASSED] - Delayed 3 second(s)

2019-06-24 13:49:14 - [TEST_STEP][PASSED] - switchToDefaultContent(): null

2019-06-24 13:49:14 - [TEST_STEP][PASSED] - switchToFrame(findTestObject("Regression BackOffice/CLNK-23449/FrameLeft"), 30): null

2019-06-24 13:49:14 - [TEST_STEP][PASSED] - waitForElementPresent(findTestObject("Regression BackOffice/CLINK - 28718/Locations/Caregiver Locations"), 100): Object 'Object Repository/Regression BackOffice/CLINK - 28718/Locations/Caregiver Locations' is present

2019-06-24 13:49:14 - [MESSAGE][PASSED] - Object 'Object Repository/Regression BackOffice/CLINK - 28718/Locations/Caregiver Locations' is present

2019-06-24 13:49:14 - [TEST_STEP][PASSED] - click(findTestObject("Regression BackOffice/CLINK - 28718/Locations/Caregiver Locations")): Object: 'Object Repository/Regression BackOffice/CLINK - 28718/Locations/Caregiver Locations' is clicked on

2019-06-24 13:49:16 - [MESSAGE][PASSED] - Object: 'Object Repository/Regression BackOffice/CLINK - 28718/Locations/Caregiver Locations' is clicked on

2019-06-24 13:49:16 - [TEST_STEP][PASSED] - delay(2): Delayed 2 second(s)

2019-06-24 13:49:18 - [MESSAGE][PASSED] - Delayed 2 second(s)

2019-06-24 13:49:18 - [TEST_STEP][PASSED] - switchToDefaultContent(): null

2019-06-24 13:49:19 - [TEST_STEP][PASSED] - switchToFrame(findTestObject("Regression BackOffice/CLNK-23449/FrameMain"), 30): null

2019-06-24 13:49:19 - [TEST_STEP][PASSED] - delay(5): Delayed 5 second(s)

2019-06-24 13:49:24 - [MESSAGE][PASSED] - Delayed 5 second(s)

2019-06-24 13:49:24 - [TEST_STEP][PASSED] - waitForElementPresent(findTestObject("Regression BackOffice/CLINK - 28718/Locations/Add New Caregiver Location"), 100): Object 'Object Repository/Regression BackOffice/CLINK - 28718/Locations/Add New Caregiver Location' is present

2019-06-24 13:49:24 - [MESSAGE][PASSED] - Object 'Object Repository/Regression BackOffice/CLINK - 28718/Locations/Add New Caregiver Location' is present

2019-06-24 13:49:24 - [TEST_STEP][PASSED] - click(findTestObject("Regression BackOffice/CLINK - 28718/Locations/Add New Caregiver Location")): Object: 'Object Repository/Regression BackOffice/CLINK - 28718/Locations/Add New Caregiver Location' is clicked on

2019-06-24 13:49:25 - [MESSAGE][PASSED] - Object: 'Object Repository/Regression BackOffice/CLINK - 28718/Locations/Add New Caregiver Location' is clicked on

2019-06-24 13:49:25 - [TEST_STEP][PASSED] - delay(5): Delayed 5 second(s)

2019-06-24 13:49:30 - [MESSAGE][PASSED] - Delayed 5 second(s)

2019-06-24 13:49:30 - [TEST_STEP][PASSED] - waitForElementPresent(findTestObject("Regression BackOffice/CLINK - 28718/Locations/ZoneNameType"), 100): Object 'Object Repository/Regression BackOffice/CLINK - 28718/Locations/ZoneNameType' is present

2019-06-24 13:49:30 - [MESSAGE][PASSED] - Object 'Object Repository/Regression BackOffice/CLINK - 28718/Locations/ZoneNameType' is present

2019-06-24 13:49:30 - [TEST_STEP][PASSED] - click(findTestObject("Regression BackOffice/CLINK - 28718/Locations/ZoneNameType")): Object: 'Object Repository/Regression BackOffice/CLINK - 28718/Locations/ZoneNameType' is clicked on

2019-06-24 13:49:30 - [MESSAGE][PASSED] - Object: 'Object Repository/Regression BackOffice/CLINK - 28718/Locations/ZoneNameType' is clicked on

2019-06-24 13:49:30 - [TEST_STEP][PASSED] - delay(3): Delayed 3 second(s)

2019-06-24 13:49:33 - [MESSAGE][PASSED] - Delayed 3 second(s)

2019-06-24 13:49:33 - [TEST_STEP][PASSED] - sendKeys(findTestObject("Regression BackOffice/CLINK - 28718/Locations/ZoneNameType"), Keys.chord(ARROW_DOWN, ENTER)): Keys 'DOWN + ENTER + ' sent to object: 'Object Repository/Regression BackOffice/CLINK - 28718/Locations/ZoneNameType'

2019-06-24 13:49:34 - [MESSAGE][PASSED] - Keys 'DOWN + ENTER + ' sent to object: 'Object Repository/Regression BackOffice/CLINK - 28718/Locations/ZoneNameType'

2019-06-24 13:49:34 - [TEST_STEP][PASSED] - delay(5): Delayed 5 second(s)

2019-06-24 13:49:39 - [MESSAGE][PASSED] - Delayed 5 second(s)

2019-06-24 13:49:39 - [TEST_STEP][PASSED] - waitForElementPresent(findTestObject("Regression BackOffice/CLINK - 28718/Locations/Hawaii Facility"), 100): Object 'Object Repository/Regression BackOffice/CLINK - 28718/Locations/Hawaii Facility' is present

2019-06-24 13:49:39 - [MESSAGE][PASSED] - Object 'Object Repository/Regression BackOffice/CLINK - 28718/Locations/Hawaii Facility' is present

2019-06-24 13:49:39 - [TEST_STEP][PASSED] - click(findTestObject("Regression BackOffice/CLINK - 28718/Locations/Hawaii Facility")): Object: 'Object Repository/Regression BackOffice/CLINK - 28718/Locations/Hawaii Facility' is clicked on

2019-06-24 13:49:40 - [MESSAGE][PASSED] - Object: 'Object Repository/Regression BackOffice/CLINK - 28718/Locations/Hawaii Facility' is clicked on

2019-06-24 13:49:40 - [TEST_STEP][PASSED] - delay(5): Delayed 5 second(s)

2019-06-24 13:49:45 - [MESSAGE][PASSED] - Delayed 5 second(s)

2019-06-24 13:49:45 - [TEST_STEP][PASSED] - waitForElementPresent(findTestObject("Regression BackOffice/CLINK - 28718/Locations/a_Add To List"), 100): Object 'Object Repository/Regression BackOffice/CLINK - 28718/Locations/a_Add To List' is present

2019-06-24 13:49:45 - [MESSAGE][PASSED] - Object 'Object Repository/Regression BackOffice/CLINK - 28718/Locations/a_Add To List' is present

2019-06-24 13:49:45 - [TEST_STEP][PASSED] - click(findTestObject("Regression BackOffice/CLINK - 28718/Locations/a_Add To List")): Object: 'Object Repository/Regression BackOffice/CLINK - 28718/Locations/a_Add To List' is clicked on

2019-06-24 13:49:46 - [MESSAGE][PASSED] - Object: 'Object Repository/Regression BackOffice/CLINK - 28718/Locations/a_Add To List' is clicked on

2019-06-24 13:49:46 - [TEST_STEP][PASSED] - delay(5): Delayed 5 second(s)

2019-06-24 13:49:51 - [MESSAGE][PASSED] - Delayed 5 second(s)

2019-06-24 13:49:51 - [TEST_STEP][PASSED] - switchToDefaultContent(): null

2019-06-24 13:49:51 - [TEST_STEP][PASSED] - switchToFrame(findTestObject("Regression BackOffice/CLINK - 28718/BannerFrame"), 50): null

2019-06-24 13:49:51 - [TEST_STEP][PASSED] - waitForElementPresent(findTestObject("Regression BackOffice/CLINK - 28718/Locations/_bttnSaveLocations"), 50): Object 'Object Repository/Regression BackOffice/CLINK - 28718/Locations/_bttnSaveLocations' is present

2019-06-24 13:49:51 - [MESSAGE][PASSED] - Object 'Object Repository/Regression BackOffice/CLINK - 28718/Locations/_bttnSaveLocations' is present

2019-06-24 13:49:51 - [TEST_STEP][PASSED] - click(findTestObject("Regression BackOffice/CLINK - 28718/Locations/_bttnSaveLocations")): Object: 'Object Repository/Regression BackOffice/CLINK - 28718/Locations/_bttnSaveLocations' is clicked on

2019-06-24 13:49:56 - [MESSAGE][PASSED] - Object: 'Object Repository/Regression BackOffice/CLINK - 28718/Locations/_bttnSaveLocations' is clicked on

2019-06-24 13:49:56 - [TEST_STEP][PASSED] - delay(3): Delayed 3 second(s)

2019-06-24 13:49:59 - [MESSAGE][PASSED] - Delayed 3 second(s)

2019-06-24 13:49:59 - [TEST_STEP][PASSED] - switchToDefaultContent(): null

2019-06-24 13:49:59 - [TEST_STEP][PASSED] - switchToFrame(findTestObject("Regression BackOffice/CLNK-23449/FrameLeft"), 30): null

2019-06-24 13:49:59 - [TEST_STEP][PASSED] - waitForElementPresent(findTestObject("Regression BackOffice/CLINK - 28718/License/Caregiver Attributes"), 100): Object 'Object Repository/Regression BackOffice/CLINK - 28718/License/Caregiver Attributes' is present

2019-06-24 13:49:59 - [MESSAGE][PASSED] - Object 'Object Repository/Regression BackOffice/CLINK - 28718/License/Caregiver Attributes' is present

2019-06-24 13:49:59 - [TEST_STEP][PASSED] - click(findTestObject("Regression BackOffice/CLINK - 28718/License/Caregiver Attributes")): Object: 'Object Repository/Regression BackOffice/CLINK - 28718/License/Caregiver Attributes' is clicked on

2019-06-24 13:50:02 - [MESSAGE][PASSED] - Object: 'Object Repository/Regression BackOffice/CLINK - 28718/License/Caregiver Attributes' is clicked on

2019-06-24 13:50:02 - [TEST_STEP][PASSED] - delay(2): Delayed 2 second(s)

2019-06-24 13:50:04 - [MESSAGE][PASSED] - Delayed 2 second(s)

2019-06-24 13:50:04 - [TEST_STEP][PASSED] - switchToDefaultContent(): null

2019-06-24 13:50:04 - [TEST_STEP][PASSED] - switchToFrame(findTestObject("Regression BackOffice/CLNK-23449/FrameMain"), 30): null

2019-06-24 13:50:04 - [TEST_STEP][PASSED] - delay(5): Delayed 5 second(s)

2019-06-24 13:50:09 - [MESSAGE][PASSED] - Delayed 5 second(s)

2019-06-24 13:50:09 - [TEST_STEP][PASSED] - waitForElementPresent(findTestObject("Regression BackOffice/CLINK - 28718/License/EditAttrbiute"), 100): Object 'Object Repository/Regression BackOffice/CLINK - 28718/License/EditAttrbiute' is present

2019-06-24 13:50:09 - [MESSAGE][PASSED] - Object 'Object Repository/Regression BackOffice/CLINK - 28718/License/EditAttrbiute' is present

2019-06-24 13:50:09 - [TEST_STEP][PASSED] - click(findTestObject("Regression BackOffice/CLINK - 28718/License/EditAttrbiute")): Object: 'Object Repository/Regression BackOffice/CLINK - 28718/License/EditAttrbiute' is clicked on

2019-06-24 13:50:10 - [MESSAGE][PASSED] - Object: 'Object Repository/Regression BackOffice/CLINK - 28718/License/EditAttrbiute' is clicked on

2019-06-24 13:50:10 - [TEST_STEP][PASSED] - delay(5): Delayed 5 second(s)

2019-06-24 13:50:16 - [MESSAGE][PASSED] - Delayed 5 second(s)

2019-06-24 13:50:16 - [TEST_STEP][PASSED] - click(findTestObject("Regression BackOffice/CLINK - 28718/License/LicenseNro"), CONTINUE_ON_FAILURE): Object: 'Object Repository/Regression BackOffice/CLINK - 28718/License/LicenseNro' is clicked on

2019-06-24 13:50:16 - [MESSAGE][PASSED] - Object: 'Object Repository/Regression BackOffice/CLINK - 28718/License/LicenseNro' is clicked on

2019-06-24 13:50:16 - [TEST_STEP][PASSED] - sendKeys(findTestObject("Regression BackOffice/CLINK - 28718/License/LicenseNro"), "12"): Keys '12' sent to object: 'Object Repository/Regression BackOffice/CLINK - 28718/License/LicenseNro'

2019-06-24 13:50:17 - [MESSAGE][PASSED] - Keys '12' sent to object: 'Object Repository/Regression BackOffice/CLINK - 28718/License/LicenseNro'

2019-06-24 13:50:17 - [TEST_STEP][PASSED] - delay(3): Delayed 3 second(s)

2019-06-24 13:50:20 - [MESSAGE][PASSED] - Delayed 3 second(s)

2019-06-24 13:50:20 - [TEST_STEP][PASSED] - click(findTestObject("Regression BackOffice/CLINK - 28718/License/License Expiration Date")): Object: 'Object Repository/Regression BackOffice/CLINK - 28718/License/License Expiration Date' is clicked on

2019-06-24 13:50:21 - [MESSAGE][PASSED] - Object: 'Object Repository/Regression BackOffice/CLINK - 28718/License/License Expiration Date' is clicked on

2019-06-24 13:50:21 - [TEST_STEP][PASSED] - sendKeys(findTestObject("Regression BackOffice/CLINK - 28718/License/License Expiration Date"), getDate.DateUtilities.getDateMonthDayYearNumberwithSlash()): Keys '06/24/2019' sent to object: 'Object Repository/Regression BackOffice/CLINK - 28718/License/License Expiration Date'

2019-06-24 13:50:21 - [MESSAGE][PASSED] - getDate.DateUtilities.getDateMonthDayYearNumberwithSlash is PASSED

2019-06-24 13:50:22 - [MESSAGE][PASSED] - Keys '06/24/2019' sent to object: 'Object Repository/Regression BackOffice/CLINK - 28718/License/License Expiration Date'

2019-06-24 13:50:22 - [TEST_STEP][PASSED] - delay(3): Delayed 3 second(s)

2019-06-24 13:50:25 - [MESSAGE][PASSED] - Delayed 3 second(s)

2019-06-24 13:50:25 - [TEST_STEP][PASSED] - click(findTestObject("Regression BackOffice/CLINK - 28718/License/License Renewal Date")): Object: 'Object Repository/Regression BackOffice/CLINK - 28718/License/License Renewal Date' is clicked on

2019-06-24 13:50:25 - [MESSAGE][PASSED] - Object: 'Object Repository/Regression BackOffice/CLINK - 28718/License/License Renewal Date' is clicked on

2019-06-24 13:50:25 - [TEST_STEP][PASSED] - sendKeys(findTestObject("Regression BackOffice/CLINK - 28718/License/License Renewal Date"), getDate.DateUtilities.getDateMonthDayYearNumberwithSlash()): Keys '06/24/2019' sent to object: 'Object Repository/Regression BackOffice/CLINK - 28718/License/License Renewal Date'

2019-06-24 13:50:25 - [MESSAGE][PASSED] - getDate.DateUtilities.getDateMonthDayYearNumberwithSlash is PASSED

2019-06-24 13:50:26 - [MESSAGE][PASSED] - Keys '06/24/2019' sent to object: 'Object Repository/Regression BackOffice/CLINK - 28718/License/License Renewal Date'

2019-06-24 13:50:26 - [TEST_STEP][PASSED] - delay(3): Delayed 3 second(s)

2019-06-24 13:50:29 - [MESSAGE][PASSED] - Delayed 3 second(s)

2019-06-24 13:50:29 - [TEST_STEP][PASSED] - waitForElementPresent(findTestObject("Regression BackOffice/CLINK - 28718/License/input_State Issued _txtStateIssued"), 50): Object 'Object Repository/Regression BackOffice/CLINK - 28718/License/input_State Issued _txtStateIssued' is present

2019-06-24 13:50:29 - [MESSAGE][PASSED] - Object 'Object Repository/Regression BackOffice/CLINK - 28718/License/input_State Issued _txtStateIssued' is present

2019-06-24 13:50:29 - [TEST_STEP][PASSED] - click(findTestObject("Regression BackOffice/CLINK - 28718/License/input_State Issued _txtStateIssued"), CONTINUE_ON_FAILURE): Object: 'Object Repository/Regression BackOffice/CLINK - 28718/License/input_State Issued _txtStateIssued' is clicked on

2019-06-24 13:50:30 - [MESSAGE][PASSED] - Object: 'Object Repository/Regression BackOffice/CLINK - 28718/License/input_State Issued _txtStateIssued' is clicked on

2019-06-24 13:50:30 - [TEST_STEP][PASSED] - delay(2): Delayed 2 second(s)

2019-06-24 13:50:32 - [MESSAGE][PASSED] - Delayed 2 second(s)

2019-06-24 13:50:32 - [TEST_STEP][PASSED] - sendKeys(findTestObject("Regression BackOffice/CLINK - 28718/License/input_State Issued _txtStateIssued"), "AC"): Keys 'AC' sent to object: 'Object Repository/Regression BackOffice/CLINK - 28718/License/input_State Issued _txtStateIssued'

2019-06-24 13:50:33 - [MESSAGE][PASSED] - Keys 'AC' sent to object: 'Object Repository/Regression BackOffice/CLINK - 28718/License/input_State Issued _txtStateIssued'

2019-06-24 13:50:33 - [TEST_STEP][PASSED] - delay(3): Delayed 3 second(s)

2019-06-24 13:50:36 - [MESSAGE][PASSED] - Delayed 3 second(s)

2019-06-24 13:50:36 - [TEST_STEP][PASSED] - click(findTestObject("Regression BackOffice/CLINK - 28718/License/License Checked"), CONTINUE_ON_FAILURE): Object: 'Object Repository/Regression BackOffice/CLINK - 28718/License/License Checked' is clicked on

2019-06-24 13:50:36 - [MESSAGE][PASSED] - Object: 'Object Repository/Regression BackOffice/CLINK - 28718/License/License Checked' is clicked on

2019-06-24 13:50:36 - [TEST_STEP][PASSED] - delay(2): Delayed 2 second(s)

2019-06-24 13:50:38 - [MESSAGE][PASSED] - Delayed 2 second(s)

2019-06-24 13:50:38 - [TEST_STEP][PASSED] - sendKeys(findTestObject("Regression BackOffice/CLINK - 28718/License/License Checked"), "Isaac"): Keys 'Isaac' sent to object: 'Object Repository/Regression BackOffice/CLINK - 28718/License/License Checked'

2019-06-24 13:50:40 - [MESSAGE][PASSED] - Keys 'Isaac' sent to object: 'Object Repository/Regression BackOffice/CLINK - 28718/License/License Checked'

2019-06-24 13:50:40 - [TEST_STEP][PASSED] - delay(3): Delayed 3 second(s)

2019-06-24 13:50:43 - [MESSAGE][PASSED] - Delayed 3 second(s)

2019-06-24 13:50:43 - [TEST_STEP][PASSED] - click(findTestObject("Regression BackOffice/CLINK - 28718/License/License Checked Date")): Object: 'Object Repository/Regression BackOffice/CLINK - 28718/License/License Checked Date' is clicked on

2019-06-24 13:50:44 - [MESSAGE][PASSED] - Object: 'Object Repository/Regression BackOffice/CLINK - 28718/License/License Checked Date' is clicked on

2019-06-24 13:50:44 - [TEST_STEP][PASSED] - sendKeys(findTestObject("Regression BackOffice/CLINK - 28718/License/License Checked Date"), getDate.DateUtilities.getDateMonthDayYearNumberwithSlash()): Keys '06/24/2019' sent to object: 'Object Repository/Regression BackOffice/CLINK - 28718/License/License Checked Date'

2019-06-24 13:50:44 - [MESSAGE][PASSED] - getDate.DateUtilities.getDateMonthDayYearNumberwithSlash is PASSED

2019-06-24 13:50:46 - [MESSAGE][PASSED] - Keys '06/24/2019' sent to object: 'Object Repository/Regression BackOffice/CLINK - 28718/License/License Checked Date'

2019-06-24 13:50:46 - [TEST_STEP][PASSED] - delay(3): Delayed 3 second(s)

2019-06-24 13:50:49 - [MESSAGE][PASSED] - Delayed 3 second(s)

2019-06-24 13:50:49 - [TEST_STEP][PASSED] - waitForElementPresent(findTestObject("Regression BackOffice/CLINK - 28718/License/Add To List License"), 100): Object 'Object Repository/Regression BackOffice/CLINK - 28718/License/Add To List License' is present

2019-06-24 13:50:49 - [MESSAGE][PASSED] - Object 'Object Repository/Regression BackOffice/CLINK - 28718/License/Add To List License' is present

2019-06-24 13:50:49 - [TEST_STEP][PASSED] - click(findTestObject("Regression BackOffice/CLINK - 28718/License/Add To List License")): Object: 'Object Repository/Regression BackOffice/CLINK - 28718/License/Add To List License' is clicked on

2019-06-24 13:50:49 - [MESSAGE][PASSED] - Object: 'Object Repository/Regression BackOffice/CLINK - 28718/License/Add To List License' is clicked on

2019-06-24 13:50:49 - [TEST_STEP][PASSED] - delay(5): Delayed 5 second(s)

2019-06-24 13:50:54 - [MESSAGE][PASSED] - Delayed 5 second(s)

2019-06-24 13:50:54 - [TEST_STEP][PASSED] - switchToDefaultContent(): null

2019-06-24 13:50:55 - [TEST_STEP][PASSED] - switchToFrame(findTestObject("Regression BackOffice/CLINK - 28718/BannerFrame"), 50): null

2019-06-24 13:50:55 - [TEST_STEP][PASSED] - waitForElementPresent(findTestObject("Regression BackOffice/CLINK - 28718/License/_btnSaveLicense"), 50): Object 'Object Repository/Regression BackOffice/CLINK - 28718/License/_btnSaveLicense' is present

2019-06-24 13:50:55 - [MESSAGE][PASSED] - Object 'Object Repository/Regression BackOffice/CLINK - 28718/License/_btnSaveLicense' is present

2019-06-24 13:50:55 - [TEST_STEP][PASSED] - click(findTestObject("Regression BackOffice/CLINK - 28718/License/_btnSaveLicense")): Object: 'Object Repository/Regression BackOffice/CLINK - 28718/License/_btnSaveLicense' is clicked on

2019-06-24 13:51:00 - [MESSAGE][PASSED] - Object: 'Object Repository/Regression BackOffice/CLINK - 28718/License/_btnSaveLicense' is clicked on

2019-06-24 13:51:00 - [TEST_STEP][PASSED] - delay(3): Delayed 3 second(s)

2019-06-24 13:51:03 - [MESSAGE][PASSED] - Delayed 3 second(s)

2019-06-24 13:51:03 - [TEST_STEP][PASSED] - switchToDefaultContent(): null

2019-06-24 13:51:03 - [TEST_STEP][PASSED] - switchToFrame(findTestObject("Regression BackOffice/CLNK-23449/FrameLeft"), 30): null

2019-06-24 13:51:04 - [TEST_STEP][PASSED] - waitForElementPresent(findTestObject("Regression BackOffice/CLINK - 28718/Active/Caregiver Demographics"), 100): Object 'Object Repository/Regression BackOffice/CLINK - 28718/Active/Caregiver Demographics' is present

2019-06-24 13:51:04 - [MESSAGE][PASSED] - Object 'Object Repository/Regression BackOffice/CLINK - 28718/Active/Caregiver Demographics' is present

2019-06-24 13:51:04 - [TEST_STEP][PASSED] - click(findTestObject("Regression BackOffice/CLINK - 28718/Active/Caregiver Demographics")): Object: 'Object Repository/Regression BackOffice/CLINK - 28718/Active/Caregiver Demographics' is clicked on

2019-06-24 13:51:06 - [MESSAGE][PASSED] - Object: 'Object Repository/Regression BackOffice/CLINK - 28718/Active/Caregiver Demographics' is clicked on

2019-06-24 13:51:06 - [TEST_STEP][PASSED] - delay(2): Delayed 2 second(s)

2019-06-24 13:51:08 - [MESSAGE][PASSED] - Delayed 2 second(s)

2019-06-24 13:51:08 - [TEST_STEP][PASSED] - switchToDefaultContent(): null

2019-06-24 13:51:08 - [TEST_STEP][PASSED] - switchToFrame(findTestObject("Regression BackOffice/CLNK-23449/FrameMain"), 30): null

2019-06-24 13:51:09 - [TEST_STEP][PASSED] - delay(5): Delayed 5 second(s)

2019-06-24 13:51:14 - [MESSAGE][PASSED] - Delayed 5 second(s)

2019-06-24 13:51:14 - [TEST_STEP][PASSED] - waitForElementPresent(findTestObject("Regression BackOffice/CLINK - 28718/Active/Status"), 100): Object 'Object Repository/Regression BackOffice/CLINK - 28718/Active/Status' is present

2019-06-24 13:51:14 - [MESSAGE][PASSED] - Object 'Object Repository/Regression BackOffice/CLINK - 28718/Active/Status' is present

2019-06-24 13:51:14 - [TEST_STEP][PASSED] - click(findTestObject("Regression BackOffice/CLINK - 28718/Active/Status")): Object: 'Object Repository/Regression BackOffice/CLINK - 28718/Active/Status' is clicked on

2019-06-24 13:51:15 - [MESSAGE][PASSED] - Object: 'Object Repository/Regression BackOffice/CLINK - 28718/Active/Status' is clicked on

2019-06-24 13:51:15 - [TEST_STEP][PASSED] - sendKeys(findTestObject("Regression BackOffice/CLINK - 28718/Active/Status"), Keys.chord(ARROW_DOWN, ARROW_DOWN, ENTER)): Keys 'DOWN + DOWN + ENTER + ' sent to object: 'Object Repository/Regression BackOffice/CLINK - 28718/Active/Status'

2019-06-24 13:51:15 - [MESSAGE][PASSED] - Keys 'DOWN + DOWN + ENTER + ' sent to object: 'Object Repository/Regression BackOffice/CLINK - 28718/Active/Status'

2019-06-24 13:51:15 - [TEST_STEP][PASSED] - delay(5): Delayed 5 second(s)

2019-06-24 13:51:20 - [MESSAGE][PASSED] - Delayed 5 second(s)

2019-06-24 13:51:20 - [TEST_STEP][PASSED] - click(findTestObject("Regression BackOffice/CLINK - 28718/Active/Effective DateStatus")): Object: 'Object Repository/Regression BackOffice/CLINK - 28718/Active/Effective DateStatus' is clicked on

2019-06-24 13:51:21 - [MESSAGE][PASSED] - Object: 'Object Repository/Regression BackOffice/CLINK - 28718/Active/Effective DateStatus' is clicked on

2019-06-24 13:51:21 - [TEST_STEP][PASSED] - sendKeys(findTestObject("Regression BackOffice/CLINK - 28718/Active/Effective DateStatus"), getDate.DateUtilities.getDateMonthDayYearNumberwithSlash()): Keys '06/24/2019' sent to object: 'Object Repository/Regression BackOffice/CLINK - 28718/Active/Effective DateStatus'

2019-06-24 13:51:21 - [MESSAGE][PASSED] - getDate.DateUtilities.getDateMonthDayYearNumberwithSlash is PASSED

2019-06-24 13:51:22 - [MESSAGE][PASSED] - Keys '06/24/2019' sent to object: 'Object Repository/Regression BackOffice/CLINK - 28718/Active/Effective DateStatus'

2019-06-24 13:51:22 - [TEST_STEP][PASSED] - delay(3): Delayed 3 second(s)

2019-06-24 13:51:25 - [MESSAGE][PASSED] - Delayed 3 second(s)

2019-06-24 13:51:25 - [TEST_STEP][NOT_RUN] - waitForElementPresent(findTestObject("Regression BackOffice/CLINK - 28718/Active/ReasonCode"), 100): NOT_RUN: waitForElementPresent(findTestObject("Regression BackOffice/CLINK - 28718/Active/ReasonCode"), 100)

2019-06-24 13:51:25 - [MESSAGE][NOT_RUN] - NOT_RUN: waitForElementPresent(findTestObject("Regression BackOffice/CLINK - 28718/Active/ReasonCode"), 100)

2019-06-24 13:51:25 - [TEST_STEP][NOT_RUN] - click(findTestObject("Regression BackOffice/CLINK - 28718/Active/ReasonCode")): NOT_RUN: click(findTestObject("Regression BackOffice/CLINK - 28718/Active/ReasonCode"))

2019-06-24 13:51:25 - [MESSAGE][NOT_RUN] - NOT_RUN: click(findTestObject("Regression BackOffice/CLINK - 28718/Active/ReasonCode"))

2019-06-24 13:51:25 - [TEST_STEP][NOT_RUN] - sendKeys(findTestObject("Regression BackOffice/CLINK - 28718/Active/ReasonCode"), Keys.chord(ARROW_DOWN, ENTER)): NOT_RUN: sendKeys(findTestObject("Regression BackOffice/CLINK - 28718/Active/ReasonCode"), Keys.chord(ARROW_DOWN, ENTER))

2019-06-24 13:51:25 - [MESSAGE][NOT_RUN] - NOT_RUN: sendKeys(findTestObject("Regression BackOffice/CLINK - 28718/Active/ReasonCode"), Keys.chord(ARROW_DOWN, ENTER))

2019-06-24 13:51:25 - [TEST_STEP][NOT_RUN] - delay(5): NOT_RUN: delay(5)

2019-06-24 13:51:25 - [MESSAGE][NOT_RUN] - NOT_RUN: delay(5)

2019-06-24 13:51:25 - [TEST_STEP][PASSED] - click(findTestObject("Regression BackOffice/CLINK - 28718/Active/Comments")): Object: 'Object Repository/Regression BackOffice/CLINK - 28718/Active/Comments' is clicked on

2019-06-24 13:51:26 - [MESSAGE][PASSED] - Object: 'Object Repository/Regression BackOffice/CLINK - 28718/Active/Comments' is clicked on

2019-06-24 13:51:26 - [TEST_STEP][PASSED] - sendKeys(findTestObject("Regression BackOffice/CLINK - 28718/Active/Comments"), "Isaac"): Keys 'Isaac' sent to object: 'Object Repository/Regression BackOffice/CLINK - 28718/Active/Comments'

2019-06-24 13:51:26 - [MESSAGE][PASSED] - Keys 'Isaac' sent to object: 'Object Repository/Regression BackOffice/CLINK - 28718/Active/Comments'

2019-06-24 13:51:26 - [TEST_STEP][PASSED] - delay(3): Delayed 3 second(s)

2019-06-24 13:51:29 - [MESSAGE][PASSED] - Delayed 3 second(s)

2019-06-24 13:51:29 - [TEST_STEP][PASSED] - scrollToElement(findTestObject("Regression BackOffice/CLINK - 28718/Active/Date Check was Sent"), 50): Scroll to object 'Object Repository/Regression BackOffice/CLINK - 28718/Active/Date Check was Sent' successfully

2019-06-24 13:51:29 - [MESSAGE][PASSED] - Scroll to object 'Object Repository/Regression BackOffice/CLINK - 28718/Active/Date Check was Sent' successfully

2019-06-24 13:51:29 - [TEST_STEP][PASSED] - click(findTestObject("Regression BackOffice/CLINK - 28718/Active/Date Check was Sent")): Object: 'Object Repository/Regression BackOffice/CLINK - 28718/Active/Date Check was Sent' is clicked on

2019-06-24 13:51:30 - [MESSAGE][PASSED] - Object: 'Object Repository/Regression BackOffice/CLINK - 28718/Active/Date Check was Sent' is clicked on

2019-06-24 13:51:30 - [TEST_STEP][PASSED] - sendKeys(findTestObject("Regression BackOffice/CLINK - 28718/Active/Date Check was Sent"), getDate.DateUtilities.getDateMonthDayYearNumberwithSlash()): Keys '06/24/2019' sent to object: 'Object Repository/Regression BackOffice/CLINK - 28718/Active/Date Check was Sent'

2019-06-24 13:51:30 - [MESSAGE][PASSED] - getDate.DateUtilities.getDateMonthDayYearNumberwithSlash is PASSED

2019-06-24 13:51:31 - [MESSAGE][PASSED] - Keys '06/24/2019' sent to object: 'Object Repository/Regression BackOffice/CLINK - 28718/Active/Date Check was Sent'

2019-06-24 13:51:31 - [TEST_STEP][PASSED] - delay(3): Delayed 3 second(s)

2019-06-24 13:51:34 - [MESSAGE][PASSED] - Delayed 3 second(s)

2019-06-24 13:51:34 - [TEST_STEP][PASSED] - click(findTestObject("Regression BackOffice/CLINK - 28718/Active/input_Date Check Received_txtDateCheckRecvd")): Object: 'Object Repository/Regression BackOffice/CLINK - 28718/Active/input_Date Check Received_txtDateCheckRecvd' is clicked on

2019-06-24 13:51:34 - [MESSAGE][PASSED] - Object: 'Object Repository/Regression BackOffice/CLINK - 28718/Active/input_Date Check Received_txtDateCheckRecvd' is clicked on

2019-06-24 13:51:34 - [TEST_STEP][PASSED] - sendKeys(findTestObject("Regression BackOffice/CLINK - 28718/Active/input_Date Check Received_txtDateCheckRecvd"), getDate.DateUtilities.getDateMonthDayYearNumberwithSlash()): Keys '06/24/2019' sent to object: 'Object Repository/Regression BackOffice/CLINK - 28718/Active/input_Date Check Received_txtDateCheckRecvd'

2019-06-24 13:51:34 - [MESSAGE][PASSED] - getDate.DateUtilities.getDateMonthDayYearNumberwithSlash is PASSED

2019-06-24 13:51:35 - [MESSAGE][PASSED] - Keys '06/24/2019' sent to object: 'Object Repository/Regression BackOffice/CLINK - 28718/Active/input_Date Check Received_txtDateCheckRecvd'

2019-06-24 13:51:35 - [TEST_STEP][PASSED] - delay(3): Delayed 3 second(s)

2019-06-24 13:51:38 - [MESSAGE][PASSED] - Delayed 3 second(s)

2019-06-24 13:51:38 - [TEST_STEP][PASSED] - click(findTestObject("Regression BackOffice/CLINK - 28718/Active/Background Check Completed")): Object: 'Object Repository/Regression BackOffice/CLINK - 28718/Active/Background Check Completed' is clicked on

[...]

2019-06-24 14:00:50 - [MESSAGE][PASSED] - Object 'Object Repository/Regression BackOffice/CLINK-23447/CheckCompletedDate' is present

2019-06-24 14:00:50 - [TEST_STEP][PASSED] - setText(findTestObject("Regression BackOffice/CLINK-23447/CheckCompletedDate"), getDate.DateUtilities.getDateMonthDayYearNumberwithSlash()): Text '06/24/2019' is set on object 'Object Repository/Regression BackOffice/CLINK-23447/CheckCompletedDate'

2019-06-24 14:00:50 - [MESSAGE][PASSED] - getDate.DateUtilities.getDateMonthDayYearNumberwithSlash is PASSED

2019-06-24 14:00:53 - [MESSAGE][PASSED] - Text '06/24/2019' is set on object 'Object Repository/Regression BackOffice/CLINK-23447/CheckCompletedDate'

2019-06-24 14:00:53 - [TEST_STEP][PASSED] - delay(4): Delayed 4 second(s)

2019-06-24 14:00:57 - [MESSAGE][PASSED] - Delayed 4 second(s)

2019-06-24 14:00:57 - [TEST_STEP][PASSED] - switchToDefaultContent(): null

2019-06-24 14:00:57 - [TEST_STEP][PASSED] - switchToFrame(findTestObject("Regression BackOffice/CLINK-23444/BannerFrameAtt"), 30): null

2019-06-24 14:00:57 - [TEST_STEP][PASSED] - waitForElementPresent(findTestObject("Regression BackOffice/CLINK-23446/SaveButton"), 50): Object 'Object Repository/Regression BackOffice/CLINK-23446/SaveButton' is present

2019-06-24 14:00:57 - [MESSAGE][PASSED] - Object 'Object Repository/Regression BackOffice/CLINK-23446/SaveButton' is present

2019-06-24 14:00:57 - [TEST_STEP][PASSED] - click(findTestObject("Regression BackOffice/CLINK-23446/SaveButton")): Object: 'Object Repository/Regression BackOffice/CLINK-23446/SaveButton' is clicked on

2019-06-24 14:01:07 - [MESSAGE][PASSED] - Object: 'Object Repository/Regression BackOffice/CLINK-23446/SaveButton' is clicked on

2019-06-24 14:01:07 - [TEST_STEP][PASSED] - delay(2): Delayed 2 second(s)

2019-06-24 14:01:09 - [MESSAGE][PASSED] - Delayed 2 second(s)

2019-06-24 14:01:09 - [TEST_STEP][PASSED] - closeBrowser(): Browser is closed

2019-06-24 14:01:10 - [MESSAGE][PASSED] - Browser is closed]]></system-out>
         <system-err><![CDATA[]]></system-err>
      </testcase>
      <testcase name="Test Cases/Regression BackOffice (All Browsers)/CLNK-17788 - (Task A) New Clinical Manager Caregiver Property" classname="Test Cases/Regression BackOffice (All Browsers)/CLNK-17788 - (Task A) New Clinical Manager Caregiver Property" status="PASSED">
         <system-out><![CDATA[2019-06-24 14:01:13 - [TEST_CASE][PASSED] - Test Cases/Regression BackOffice (All Browsers)/CLNK-17788 - (Task A) New Clinical Manager Caregiver Property: Test Cases/Regression BackOffice (All Browsers)/CLNK-17788 - (Task A) New Clinical Manager Caregiver Property

2019-06-24 14:01:14 - [TEST_STEP][PASSED] - callTestCase(findTestCase("Regression BackOffice (All Browsers)/CLNK-23439 - Clink - Back office Client"), [:], STOP_ON_FAILURE): Call Test Case 'Test Cases/Regression BackOffice (All Browsers)/CLNK-23439 - Clink - Back office Client' successfully

2019-06-24 14:01:14 - [TEST_CASE][PASSED] - Test Cases/Regression BackOffice (All Browsers)/CLNK-23439 - Clink - Back office Client: Test Cases/Regression BackOffice (All Browsers)/CLNK-23439 - Clink - Back office Client

2019-06-24 14:01:14 - [TEST_STEP][PASSED] - openBrowser(G_SiteBackOffice): Browser is opened with url: 'http://qanewpoc.continulink.com:81/backoffice/Login.aspx'

2019-06-24 14:01:14 - [MESSAGE][INFO] - Starting 'Chrome' driver

2019-06-24 14:01:23 - [MESSAGE][PASSED] - Browser is opened with url: 'http://qanewpoc.continulink.com:81/backoffice/Login.aspx'

2019-06-24 14:01:23 - [TEST_STEP][PASSED] - waitForPageLoad(60): Wait for page load successfully

2019-06-24 14:01:24 - [MESSAGE][PASSED] - Wait for page load successfully

2019-06-24 14:01:24 - [TEST_STEP][PASSED] - maximizeWindow(): Current window maximized

2019-06-24 14:01:25 - [MESSAGE][PASSED] - Current window maximized

2019-06-24 14:01:25 - [TEST_STEP][PASSED] - setText(findTestObject("Regression BackOffice/Login/UserBackOffice"), G_UserBackOffice): Text 'demo' is set on object 'Object Repository/Regression BackOffice/Login/UserBackOffice'

2019-06-24 14:01:26 - [MESSAGE][PASSED] - Text 'demo' is set on object 'Object Repository/Regression BackOffice/Login/UserBackOffice'

2019-06-24 14:01:26 - [TEST_STEP][PASSED] - setText(findTestObject("Regression BackOffice/Login/PasswordBackOffice"), G_PasswordBackOffice): Text 'qwerty' is set on object 'Object Repository/Regression BackOffice/Login/PasswordBackOffice'

2019-06-24 14:01:27 - [MESSAGE][PASSED] - Text 'qwerty' is set on object 'Object Repository/Regression BackOffice/Login/PasswordBackOffice'

2019-06-24 14:01:27 - [TEST_STEP][PASSED] - click(findTestObject("Regression BackOffice/Login/LoginBackOffice")): Object: 'Object Repository/Regression BackOffice/Login/LoginBackOffice' is clicked on

2019-06-24 14:01:34 - [MESSAGE][PASSED] - Object: 'Object Repository/Regression BackOffice/Login/LoginBackOffice' is clicked on

2019-06-24 14:01:34 - [TEST_STEP][PASSED] - waitForPageLoad(60): Wait for page load successfully

2019-06-24 14:01:34 - [MESSAGE][PASSED] - Wait for page load successfully

2019-06-24 14:01:34 - [TEST_STEP][PASSED] - delay(3): Delayed 3 second(s)

2019-06-24 14:01:37 - [MESSAGE][PASSED] - Delayed 3 second(s)

2019-06-24 14:01:37 - [TEST_STEP][PASSED] - switchToFrame(findTestObject("Regression BackOffice/CLNK-23449/FrameLeft"), 5): null

2019-06-24 14:01:38 - [TEST_STEP][PASSED] - waitForElementPresent(findTestObject("Regression BackOffice/CLNK-23449/ClienIntakeICon"), 60): Object 'Object Repository/Regression BackOffice/CLNK-23449/ClienIntakeICon' is present

2019-06-24 14:01:38 - [MESSAGE][PASSED] - Object 'Object Repository/Regression BackOffice/CLNK-23449/ClienIntakeICon' is present

2019-06-24 14:01:38 - [TEST_STEP][PASSED] - verifyElementPresent(findTestObject("Regression BackOffice/CLNK-23449/ClienIntakeICon"), 100): Object 'Object Repository/Regression BackOffice/CLNK-23449/ClienIntakeICon' is present

2019-06-24 14:01:38 - [MESSAGE][PASSED] - Object 'Object Repository/Regression BackOffice/CLNK-23449/ClienIntakeICon' is present

2019-06-24 14:01:38 - [TEST_STEP][PASSED] - switchToDefaultContent(): null

2019-06-24 14:01:38 - [MESSAGE][PASSED] - Call Test Case 'Test Cases/Regression BackOffice (All Browsers)/CLNK-23439 - Clink - Back office Client' successfully

2019-06-24 14:01:38 - [TEST_STEP][PASSED] - waitForPageLoad(60): Wait for page load successfully

2019-06-24 14:01:38 - [MESSAGE][PASSED] - Wait for page load successfully

2019-06-24 14:01:38 - [TEST_STEP][PASSED] - delay(3): Delayed 3 second(s)

2019-06-24 14:01:41 - [MESSAGE][PASSED] - Delayed 3 second(s)

2019-06-24 14:01:41 - [TEST_STEP][PASSED] - switchToFrame(findTestObject("Regression BackOffice/CLNK-23449/FrameLeft"), 30): null

2019-06-24 14:01:41 - [TEST_STEP][PASSED] - waitForElementPresent(findTestObject("Regression BackOffice/CLINK-17788/CaregiverHRLink"), 100): Object 'Object Repository/Regression BackOffice/CLINK-17788/CaregiverHRLink' is present

2019-06-24 14:01:42 - [MESSAGE][PASSED] - Object 'Object Repository/Regression BackOffice/CLINK-17788/CaregiverHRLink' is present

2019-06-24 14:01:42 - [TEST_STEP][PASSED] - click(findTestObject("Regression BackOffice/CLINK-17788/CaregiverHRLink")): Object: 'Object Repository/Regression BackOffice/CLINK-17788/CaregiverHRLink' is clicked on

2019-06-24 14:01:42 - [MESSAGE][PASSED] - Object: 'Object Repository/Regression BackOffice/CLINK-17788/CaregiverHRLink' is clicked on

2019-06-24 14:01:42 - [TEST_STEP][PASSED] - delay(2): Delayed 2 second(s)

2019-06-24 14:01:44 - [MESSAGE][PASSED] - Delayed 2 second(s)

2019-06-24 14:01:44 - [TEST_STEP][PASSED] - waitForPageLoad(50): Wait for page load successfully

2019-06-24 14:01:44 - [MESSAGE][PASSED] - Wait for page load successfully

2019-06-24 14:01:44 - [TEST_STEP][PASSED] - waitForElementPresent(findTestObject("Regression BackOffice/CLINK-17788/CaregiverDemographics"), 50): Object 'Object Repository/Regression BackOffice/CLINK-17788/CaregiverDemographics' is present

2019-06-24 14:01:45 - [MESSAGE][PASSED] - Object 'Object Repository/Regression BackOffice/CLINK-17788/CaregiverDemographics' is present

2019-06-24 14:01:45 - [TEST_STEP][PASSED] - click(findTestObject("Regression BackOffice/CLINK-17788/CaregiverDemographics")): Object: 'Object Repository/Regression BackOffice/CLINK-17788/CaregiverDemographics' is clicked on

2019-06-24 14:01:47 - [MESSAGE][PASSED] - Object: 'Object Repository/Regression BackOffice/CLINK-17788/CaregiverDemographics' is clicked on

2019-06-24 14:01:47 - [TEST_STEP][PASSED] - delay(2): Delayed 2 second(s)

2019-06-24 14:01:49 - [MESSAGE][PASSED] - Delayed 2 second(s)

2019-06-24 14:01:49 - [TEST_STEP][PASSED] - switchToDefaultContent(): null

2019-06-24 14:01:49 - [TEST_STEP][PASSED] - switchToFrame(findTestObject("Regression BackOffice/CLNK-23449/FrameMain"), 30): null

2019-06-24 14:01:49 - [TEST_STEP][PASSED] - waitForElementPresent(findTestObject("Regression BackOffice/CLINK-17788/LastNameSearch"), 50): Object 'Object Repository/Regression BackOffice/CLINK-17788/LastNameSearch' is present

2019-06-24 14:01:49 - [MESSAGE][PASSED] - Object 'Object Repository/Regression BackOffice/CLINK-17788/LastNameSearch' is present

2019-06-24 14:01:49 - [TEST_STEP][PASSED] - setText(findTestObject("Regression BackOffice/CLINK-17788/LastNameSearch"), G_CareGiverLastName): Text 'Soul' is set on object 'Object Repository/Regression BackOffice/CLINK-17788/LastNameSearch'

2019-06-24 14:01:50 - [MESSAGE][PASSED] - Text 'Soul' is set on object 'Object Repository/Regression BackOffice/CLINK-17788/LastNameSearch'

2019-06-24 14:01:50 - [TEST_STEP][PASSED] - delay(2): Delayed 2 second(s)

2019-06-24 14:01:52 - [MESSAGE][PASSED] - Delayed 2 second(s)

2019-06-24 14:01:52 - [TEST_STEP][PASSED] - waitForElementPresent(findTestObject("Regression BackOffice/CLINK-17788/SearchButton"), 50): Object 'Object Repository/Regression BackOffice/CLINK-17788/SearchButton' is present

2019-06-24 14:01:52 - [MESSAGE][PASSED] - Object 'Object Repository/Regression BackOffice/CLINK-17788/SearchButton' is present

2019-06-24 14:01:52 - [TEST_STEP][PASSED] - click(findTestObject("Regression BackOffice/CLINK-17788/SearchButton"), STOP_ON_FAILURE): Object: 'Object Repository/Regression BackOffice/CLINK-17788/SearchButton' is clicked on

2019-06-24 14:01:54 - [MESSAGE][PASSED] - Object: 'Object Repository/Regression BackOffice/CLINK-17788/SearchButton' is clicked on

2019-06-24 14:01:54 - [TEST_STEP][PASSED] - delay(2): Delayed 2 second(s)

2019-06-24 14:01:56 - [MESSAGE][PASSED] - Delayed 2 second(s)

2019-06-24 14:01:56 - [TEST_STEP][PASSED] - waitForElementPresent(findTestObject("Regression BackOffice/CLINK-17788/UserLink"), 50): Object 'Object Repository/Regression BackOffice/CLINK-17788/UserLink' is present

2019-06-24 14:01:56 - [MESSAGE][PASSED] - Object 'Object Repository/Regression BackOffice/CLINK-17788/UserLink' is present

2019-06-24 14:01:56 - [TEST_STEP][PASSED] - click(findTestObject("Regression BackOffice/CLINK-17788/UserLink"), STOP_ON_FAILURE): Object: 'Object Repository/Regression BackOffice/CLINK-17788/UserLink' is clicked on

2019-06-24 14:02:00 - [MESSAGE][PASSED] - Object: 'Object Repository/Regression BackOffice/CLINK-17788/UserLink' is clicked on

2019-06-24 14:02:00 - [TEST_STEP][PASSED] - delay(2): Delayed 2 second(s)

2019-06-24 14:02:02 - [MESSAGE][PASSED] - Delayed 2 second(s)

2019-06-24 14:02:02 - [TEST_STEP][PASSED] - scrollToElement(findTestObject("Regression BackOffice/CLINK-17788/OtherInformationSection"), 20): Scroll to object 'Object Repository/Regression BackOffice/CLINK-17788/OtherInformationSection' successfully

2019-06-24 14:02:02 - [MESSAGE][PASSED] - Scroll to object 'Object Repository/Regression BackOffice/CLINK-17788/OtherInformationSection' successfully

2019-06-24 14:02:02 - [TEST_STEP][PASSED] - waitForElementPresent(findTestObject("Regression BackOffice/CLINK-17788/YesCareManager"), 50): Object 'Object Repository/Regression BackOffice/CLINK-17788/YesCareManager' is present

2019-06-24 14:02:02 - [MESSAGE][PASSED] - Object 'Object Repository/Regression BackOffice/CLINK-17788/YesCareManager' is present

2019-06-24 14:02:02 - [TEST_STEP][PASSED] - click(findTestObject("Regression BackOffice/CLINK-17788/YesCareManager"), STOP_ON_FAILURE): Object: 'Object Repository/Regression BackOffice/CLINK-17788/YesCareManager' is clicked on

2019-06-24 14:02:03 - [MESSAGE][PASSED] - Object: 'Object Repository/Regression BackOffice/CLINK-17788/YesCareManager' is clicked on

2019-06-24 14:02:03 - [TEST_STEP][PASSED] - delay(2): Delayed 2 second(s)

2019-06-24 14:02:05 - [MESSAGE][PASSED] - Delayed 2 second(s)

2019-06-24 14:02:05 - [TEST_STEP][PASSED] - waitForElementPresent(findTestObject("Regression BackOffice/CLINK-17788/NoClinicalManager"), 50): Object 'Object Repository/Regression BackOffice/CLINK-17788/NoClinicalManager' is present

2019-06-24 14:02:06 - [MESSAGE][PASSED] - Object 'Object Repository/Regression BackOffice/CLINK-17788/NoClinicalManager' is present

2019-06-24 14:02:06 - [TEST_STEP][PASSED] - click(findTestObject("Regression BackOffice/CLINK-17788/NoClinicalManager"), STOP_ON_FAILURE): Object: 'Object Repository/Regression BackOffice/CLINK-17788/NoClinicalManager' is clicked on

2019-06-24 14:02:07 - [MESSAGE][PASSED] - Object: 'Object Repository/Regression BackOffice/CLINK-17788/NoClinicalManager' is clicked on

2019-06-24 14:02:07 - [TEST_STEP][PASSED] - switchToDefaultContent(): null

2019-06-24 14:02:08 - [TEST_STEP][PASSED] - delay(2): Delayed 2 second(s)

2019-06-24 14:02:10 - [MESSAGE][PASSED] - Delayed 2 second(s)

2019-06-24 14:02:10 - [TEST_STEP][PASSED] - switchToFrame(findTestObject("Regression BackOffice/CLINK-17788/BannerFrame"), 30): null

2019-06-24 14:02:11 - [TEST_STEP][PASSED] - waitForElementPresent(findTestObject("Regression BackOffice/CLINK-17788/SaveButton"), 50): Object 'Object Repository/Regression BackOffice/CLINK-17788/SaveButton' is present

2019-06-24 14:02:11 - [MESSAGE][PASSED] - Object 'Object Repository/Regression BackOffice/CLINK-17788/SaveButton' is present

2019-06-24 14:02:11 - [TEST_STEP][PASSED] - click(findTestObject("Regression BackOffice/CLINK-17788/SaveButton"), STOP_ON_FAILURE): Object: 'Object Repository/Regression BackOffice/CLINK-17788/SaveButton' is clicked on

2019-06-24 14:02:18 - [MESSAGE][PASSED] - Object: 'Object Repository/Regression BackOffice/CLINK-17788/SaveButton' is clicked on

2019-06-24 14:02:18 - [TEST_STEP][PASSED] - delay(2): Delayed 2 second(s)

2019-06-24 14:02:20 - [MESSAGE][PASSED] - Delayed 2 second(s)

2019-06-24 14:02:20 - [TEST_STEP][PASSED] - closeBrowser(): Browser is closed

2019-06-24 14:02:22 - [MESSAGE][PASSED] - Browser is closed]]></system-out>
         <system-err><![CDATA[]]></system-err>
      </testcase>
      <system-out><![CDATA[2019-06-24 13:45:03 - [TEST_SUITE][FAILED] - Regression Caregiver: Test Cases/Regression BackOffice (All Browsers)/CLNK-28718 - BO - Full Caregiver creation FAILED.
Reason:
com.kms.katalon.core.exception.StepFailedException: Unable to click on object 'Object Repository/Regression BackOffice/CLINK - 28718/Administrator/a_Fernandez Barb'
	at com.kms.katalon.core.keyword.internal.KeywordMain.stepFailed(KeywordMain.groovy:37)
	at com.kms.katalon.core.webui.keyword.internal.WebUIKeywordMain.stepFailed(WebUIKeywordMain.groovy:65)
	at com.kms.katalon.core.webui.keyword.internal.WebUIKeywordMain.runKeyword(WebUIKeywordMain.groovy:27)
	at com.kms.katalon.core.webui.keyword.builtin.ClickKeyword.click(ClickKeyword.groovy:86)
	at com.kms.katalon.core.webui.keyword.builtin.ClickKeyword.execute(ClickKeyword.groovy:67)
	at com.kms.katalon.core.keyword.internal.KeywordExecutor.executeKeywordForPlatform(KeywordExecutor.groovy:56)
	at com.kms.katalon.core.webui.keyword.WebUiBuiltInKeywords.click(WebUiBuiltInKeywords.groovy:604)
	at com.kms.katalon.core.webui.keyword.WebUiBuiltInKeywords$click$9.call(Unknown Source)
	at CLNK-28718 - BO - Full Caregiver creation.run(CLNK-28718 - BO - Full Caregiver creation:586)
	at com.kms.katalon.core.main.ScriptEngine.run(ScriptEngine.java:194)
	at com.kms.katalon.core.main.ScriptEngine.runScriptAsRawText(ScriptEngine.java:119)
	at com.kms.katalon.core.main.TestCaseExecutor.runScript(TestCaseExecutor.java:331)
	at com.kms.katalon.core.main.TestCaseExecutor.doExecute(TestCaseExecutor.java:322)
	at com.kms.katalon.core.main.TestCaseExecutor.processExecutionPhase(TestCaseExecutor.java:301)
	at com.kms.katalon.core.main.TestCaseExecutor.accessMainPhase(TestCaseExecutor.java:293)
	at com.kms.katalon.core.main.TestCaseExecutor.execute(TestCaseExecutor.java:227)
	at com.kms.katalon.core.main.TestSuiteExecutor.accessTestCaseMainPhase(TestSuiteExecutor.java:129)
	at com.kms.katalon.core.main.TestSuiteExecutor.accessTestSuiteMainPhase(TestSuiteExecutor.java:112)
	at com.kms.katalon.core.main.TestSuiteExecutor.execute(TestSuiteExecutor.java:81)
	at com.kms.katalon.core.main.TestCaseMain.startTestSuite(TestCaseMain.java:157)
	at com.kms.katalon.core.main.TestCaseMain$startTestSuite$0.call(Unknown Source)
	at TempTestSuite1561394688011.run(TempTestSuite1561394688011.groovy:35)]]></system-out>
      <system-err><![CDATA[2019-06-24 13:45:03 - [TEST_SUITE][FAILED] - Regression Caregiver: Test Cases/Regression BackOffice (All Browsers)/CLNK-28718 - BO - Full Caregiver creation FAILED.
Reason:
com.kms.katalon.core.exception.StepFailedException: Unable to click on object 'Object Repository/Regression BackOffice/CLINK - 28718/Administrator/a_Fernandez Barb'
	at com.kms.katalon.core.keyword.internal.KeywordMain.stepFailed(KeywordMain.groovy:37)
	at com.kms.katalon.core.webui.keyword.internal.WebUIKeywordMain.stepFailed(WebUIKeywordMain.groovy:65)
	at com.kms.katalon.core.webui.keyword.internal.WebUIKeywordMain.runKeyword(WebUIKeywordMain.groovy:27)
	at com.kms.katalon.core.webui.keyword.builtin.ClickKeyword.click(ClickKeyword.groovy:86)
	at com.kms.katalon.core.webui.keyword.builtin.ClickKeyword.execute(ClickKeyword.groovy:67)
	at com.kms.katalon.core.keyword.internal.KeywordExecutor.executeKeywordForPlatform(KeywordExecutor.groovy:56)
	at com.kms.katalon.core.webui.keyword.WebUiBuiltInKeywords.click(WebUiBuiltInKeywords.groovy:604)
	at com.kms.katalon.core.webui.keyword.WebUiBuiltInKeywords$click$9.call(Unknown Source)
	at CLNK-28718 - BO - Full Caregiver creation.run(CLNK-28718 - BO - Full Caregiver creation:586)
	at com.kms.katalon.core.main.ScriptEngine.run(ScriptEngine.java:194)
	at com.kms.katalon.core.main.ScriptEngine.runScriptAsRawText(ScriptEngine.java:119)
	at com.kms.katalon.core.main.TestCaseExecutor.runScript(TestCaseExecutor.java:331)
	at com.kms.katalon.core.main.TestCaseExecutor.doExecute(TestCaseExecutor.java:322)
	at com.kms.katalon.core.main.TestCaseExecutor.processExecutionPhase(TestCaseExecutor.java:301)
	at com.kms.katalon.core.main.TestCaseExecutor.accessMainPhase(TestCaseExecutor.java:293)
	at com.kms.katalon.core.main.TestCaseExecutor.execute(TestCaseExecutor.java:227)
	at com.kms.katalon.core.main.TestSuiteExecutor.accessTestCaseMainPhase(TestSuiteExecutor.java:129)
	at com.kms.katalon.core.main.TestSuiteExecutor.accessTestSuiteMainPhase(TestSuiteExecutor.java:112)
	at com.kms.katalon.core.main.TestSuiteExecutor.execute(TestSuiteExecutor.java:81)
	at com.kms.katalon.core.main.TestCaseMain.startTestSuite(TestCaseMain.java:157)
	at com.kms.katalon.core.main.TestCaseMain$startTestSuite$0.call(Unknown Source)
	at TempTestSuite1561394688011.run(TempTestSuite1561394688011.groovy:35)]]></system-err>
   </testsuite>
</testsuites>
